<?xml version="1.0" encoding="UTF-8"?>
<!-- Generated by org.testng.reporters.JUnitXMLReporter -->
<testsuite hostname="LAPTOP-MC7Q49HB" ignored="21" name="Surefire test" tests="37" failures="0" timestamp="26 May 2022 09:31:54 GMT" time="1.364" errors="0">
  <testcase name="@BeforeClass beforClass" time="0.0" classname="com.sdetl1.generic.BaseClass">
    <failure type="org.testng.TestNGException" message="
Parameter &amp;apos;browser&amp;apos; is required by BeforeClass on method beforClass but has not been marked @Optional or defined
">
      <![CDATA[org.testng.TestNGException: 
Parameter 'browser' is required by BeforeClass on method beforClass but has not been marked @Optional or defined

... Removed 27 stack frames]]>
    </failure>
  </testcase> <!-- @BeforeClass beforClass -->
  <testcase name="@BeforeMethod beforeMethod" time="0.0" classname="com.sdetl1.generic.BaseClass">
    <skipped/>
  </testcase> <!-- @BeforeMethod beforeMethod -->
  <testcase name="@AfterMethod afterMethod" time="0.0" classname="com.sdetl1.generic.BaseClass">
    <skipped/>
  </testcase> <!-- @AfterMethod afterMethod -->
  <testcase name="@AfterClass afterClass" time="0.0" classname="com.sdetl1.generic.BaseClass">
    <skipped/>
  </testcase> <!-- @AfterClass afterClass -->
  <testcase name="@BeforeClass beforClass" time="0.0" classname="com.sdetl1.generic.BaseClass">
    <failure type="org.testng.TestNGException" message="
Parameter &amp;apos;browser&amp;apos; is required by BeforeClass on method beforClass but has not been marked @Optional or defined
">
      <![CDATA[org.testng.TestNGException: 
Parameter 'browser' is required by BeforeClass on method beforClass but has not been marked @Optional or defined

... Removed 27 stack frames]]>
    </failure>
  </testcase> <!-- @BeforeClass beforClass -->
  <testcase name="@BeforeMethod beforeMethod" time="0.0" classname="com.sdetl1.generic.BaseClass">
    <skipped/>
  </testcase> <!-- @BeforeMethod beforeMethod -->
  <testcase name="@AfterMethod afterMethod" time="0.0" classname="com.sdetl1.generic.BaseClass">
    <skipped/>
  </testcase> <!-- @AfterMethod afterMethod -->
  <testcase name="@AfterClass afterClass" time="0.0" classname="com.sdetl1.generic.BaseClass">
    <skipped/>
  </testcase> <!-- @AfterClass afterClass -->
  <testcase name="@BeforeClass beforClass" time="0.0" classname="com.sdetl1.generic.BaseClass">
    <failure type="org.testng.TestNGException" message="
Parameter &amp;apos;browser&amp;apos; is required by BeforeClass on method beforClass but has not been marked @Optional or defined
">
      <![CDATA[org.testng.TestNGException: 
Parameter 'browser' is required by BeforeClass on method beforClass but has not been marked @Optional or defined

... Removed 27 stack frames]]>
    </failure>
  </testcase> <!-- @BeforeClass beforClass -->
  <testcase name="@BeforeMethod beforeMethod" time="0.0" classname="com.sdetl1.generic.BaseClass">
    <skipped/>
  </testcase> <!-- @BeforeMethod beforeMethod -->
  <testcase name="@AfterMethod afterMethod" time="0.0" classname="com.sdetl1.generic.BaseClass">
    <skipped/>
  </testcase> <!-- @AfterMethod afterMethod -->
  <testcase name="@AfterClass afterClass" time="0.0" classname="com.sdetl1.generic.BaseClass">
    <skipped/>
  </testcase> <!-- @AfterClass afterClass -->
  <testcase name="@BeforeClass beforClass" time="0.0" classname="com.sdetl1.generic.BaseClass">
    <failure type="org.testng.TestNGException" message="
Parameter &amp;apos;browser&amp;apos; is required by BeforeClass on method beforClass but has not been marked @Optional or defined
">
      <![CDATA[org.testng.TestNGException: 
Parameter 'browser' is required by BeforeClass on method beforClass but has not been marked @Optional or defined

... Removed 27 stack frames]]>
    </failure>
  </testcase> <!-- @BeforeClass beforClass -->
  <testcase name="@BeforeMethod beforeMethod" time="0.0" classname="com.sdetl1.generic.BaseClass">
    <skipped/>
  </testcase> <!-- @BeforeMethod beforeMethod -->
  <testcase name="@AfterMethod afterMethod" time="0.0" classname="com.sdetl1.generic.BaseClass">
    <skipped/>
  </testcase> <!-- @AfterMethod afterMethod -->
  <testcase name="@AfterClass afterClass" time="0.0" classname="com.sdetl1.generic.BaseClass">
    <skipped/>
  </testcase> <!-- @AfterClass afterClass -->
  <testcase name="@BeforeClass beforClass" time="0.0" classname="com.sdetl1.generic.BaseClass">
    <failure type="org.testng.TestNGException" message="
Parameter &amp;apos;browser&amp;apos; is required by BeforeClass on method beforClass but has not been marked @Optional or defined
">
      <![CDATA[org.testng.TestNGException: 
Parameter 'browser' is required by BeforeClass on method beforClass but has not been marked @Optional or defined

... Removed 27 stack frames]]>
    </failure>
  </testcase> <!-- @BeforeClass beforClass -->
  <testcase name="@BeforeMethod beforeMethod" time="0.0" classname="com.sdetl1.generic.BaseClass">
    <skipped/>
  </testcase> <!-- @BeforeMethod beforeMethod -->
  <testcase name="@AfterMethod afterMethod" time="0.0" classname="com.sdetl1.generic.BaseClass">
    <skipped/>
  </testcase> <!-- @AfterMethod afterMethod -->
  <testcase name="@AfterClass afterClass" time="0.0" classname="com.sdetl1.generic.BaseClass">
    <skipped/>
  </testcase> <!-- @AfterClass afterClass -->
  <testcase name="@BeforeClass beforClass" time="0.0" classname="com.sdetl1.generic.BaseClass">
    <failure type="org.testng.TestNGException" message="
Parameter &amp;apos;browser&amp;apos; is required by BeforeClass on method beforClass but has not been marked @Optional or defined
">
      <![CDATA[org.testng.TestNGException: 
Parameter 'browser' is required by BeforeClass on method beforClass but has not been marked @Optional or defined

... Removed 27 stack frames]]>
    </failure>
  </testcase> <!-- @BeforeClass beforClass -->
  <testcase name="@BeforeMethod beforeMethod" time="0.0" classname="com.sdetl1.generic.BaseClass">
    <skipped/>
  </testcase> <!-- @BeforeMethod beforeMethod -->
  <testcase name="@AfterMethod afterMethod" time="0.0" classname="com.sdetl1.generic.BaseClass">
    <skipped/>
  </testcase> <!-- @AfterMethod afterMethod -->
  <testcase name="@AfterClass afterClass" time="0.0" classname="com.sdetl1.generic.BaseClass">
    <skipped/>
  </testcase> <!-- @AfterClass afterClass -->
  <testcase name="@BeforeClass beforClass" time="0.0" classname="com.sdetl1.generic.BaseClass">
    <failure type="org.testng.TestNGException" message="
Parameter &amp;apos;browser&amp;apos; is required by BeforeClass on method beforClass but has not been marked @Optional or defined
">
      <![CDATA[org.testng.TestNGException: 
Parameter 'browser' is required by BeforeClass on method beforClass but has not been marked @Optional or defined

... Removed 27 stack frames]]>
    </failure>
  </testcase> <!-- @BeforeClass beforClass -->
  <testcase name="@BeforeMethod beforeMethod" time="0.0" classname="com.sdetl1.generic.BaseClass">
    <skipped/>
  </testcase> <!-- @BeforeMethod beforeMethod -->
  <testcase name="@AfterMethod afterMethod" time="0.0" classname="com.sdetl1.generic.BaseClass">
    <skipped/>
  </testcase> <!-- @AfterMethod afterMethod -->
  <testcase name="@AfterClass afterClass" time="0.0" classname="com.sdetl1.generic.BaseClass">
    <skipped/>
  </testcase> <!-- @AfterClass afterClass -->
  <testcase name="@BeforeClass beforClass" time="0.0" classname="com.sdetl1.generic.BaseClass">
    <failure type="org.testng.TestNGException" message="
Parameter &amp;apos;browser&amp;apos; is required by BeforeClass on method beforClass but has not been marked @Optional or defined
">
      <![CDATA[org.testng.TestNGException: 
Parameter 'browser' is required by BeforeClass on method beforClass but has not been marked @Optional or defined

... Removed 27 stack frames]]>
    </failure>
  </testcase> <!-- @BeforeClass beforClass -->
  <testcase name="@BeforeMethod beforeMethod" time="0.0" classname="com.sdetl1.generic.BaseClass">
    <skipped/>
  </testcase> <!-- @BeforeMethod beforeMethod -->
  <testcase name="@AfterMethod afterMethod" time="0.0" classname="com.sdetl1.generic.BaseClass">
    <skipped/>
  </testcase> <!-- @AfterMethod afterMethod -->
  <testcase name="@AfterClass afterClass" time="0.0" classname="com.sdetl1.generic.BaseClass">
    <skipped/>
  </testcase> <!-- @AfterClass afterClass -->
  <testcase name="@BeforeClass beforClass" time="0.0" classname="com.sdetl1.generic.BaseClass">
    <failure type="org.testng.TestNGException" message="
Parameter &amp;apos;browser&amp;apos; is required by BeforeClass on method beforClass but has not been marked @Optional or defined
">
      <![CDATA[org.testng.TestNGException: 
Parameter 'browser' is required by BeforeClass on method beforClass but has not been marked @Optional or defined

... Removed 27 stack frames]]>
    </failure>
  </testcase> <!-- @BeforeClass beforClass -->
  <testcase name="@BeforeMethod beforeMethod" time="0.0" classname="com.sdetl1.generic.BaseClass">
    <skipped/>
  </testcase> <!-- @BeforeMethod beforeMethod -->
  <testcase name="@AfterMethod afterMethod" time="0.0" classname="com.sdetl1.generic.BaseClass">
    <skipped/>
  </testcase> <!-- @AfterMethod afterMethod -->
  <testcase name="@AfterClass afterClass" time="0.0" classname="com.sdetl1.generic.BaseClass">
    <skipped/>
  </testcase> <!-- @AfterClass afterClass -->
  <testcase name="createContactTestPropTest" time="0.0" classname="com.PracticeOld.CreateContactTestPropTest">
    <skipped/>
  </testcase> <!-- createContactTestPropTest -->
  <testcase name="createContactsWithOrgaNameTest" time="0.0" classname="com.vtiger.contact.CreateContactsWithOrgaNameTest">
    <skipped/>
  </testcase> <!-- createContactsWithOrgaNameTest -->
  <testcase name="practiceTNGTest" time="0.014" classname="com.practiceTest.GetArrayMultipledataRuninTestNgTest"/>
  <testcase name="practiceTNGTest" time="0.002" classname="com.practiceTest.GetArrayMultipledataRuninTestNgTest"/>
  <testcase name="practiceTNGTest" time="0.002" classname="com.practiceTest.GetArrayMultipledataRuninTestNgTest"/>
  <testcase name="practiceTNGTest" time="0.002" classname="com.practiceTest.GetArrayMultipledataRuninTestNgTest"/>
  <testcase name="practiceTNGTest" time="0.003" classname="com.practiceTest.GetArrayMultipledataRuninTestNgTest"/>
  <testcase name="practiceTNGTest" time="0.002" classname="com.practiceTest.GetArrayMultipledataRuninTestNgTest"/>
  <testcase name="practiceTNGTest" time="0.002" classname="com.practiceTest.GetArrayMultipledataRuninTestNgTest"/>
  <testcase name="practiceTNGTest" time="0.009" classname="com.practiceTest.GetArrayMultipledataRuninTestNgTest"/>
  <testcase name="practiceTNGTest" time="0.008" classname="com.practiceTest.GetArrayMultipledataRuninTestNgTest"/>
  <testcase name="practiceTNGTest" time="0.005" classname="com.practiceTest.GetArrayMultipledataRuninTestNgTest"/>
  <testcase name="practiceTNGTest" time="0.006" classname="com.practiceTest.GetArrayMultipledataRuninTestNgTest"/>
  <testcase name="practiceTNGTest" time="0.006" classname="com.practiceTest.GetArrayMultipledataRuninTestNgTest"/>
  <testcase name="practiceTNGTest" time="0.005" classname="com.practiceTest.GetArrayMultipledataRuninTestNgTest"/>
  <testcase name="practiceTNGTest" time="0.003" classname="com.practiceTest.GetArrayMultipledataRuninTestNgTest"/>
  <testcase name="practiceTNGTest" time="0.002" classname="com.practiceTest.GetArrayMultipledataRuninTestNgTest"/>
  <testcase name="practiceTNGTest" time="0.003" classname="com.practiceTest.GetArrayMultipledataRuninTestNgTest"/>
  <testcase name="practiceTNGTest" time="0.003" classname="com.practiceTest.GetArrayMultipledataRuninTestNgTest"/>
  <testcase name="practiceTNGTest" time="0.002" classname="com.practiceTest.GetArrayMultipledataRuninTestNgTest"/>
  <testcase name="practiceTNGTest" time="0.001" classname="com.practiceTest.GetArrayMultipledataRuninTestNgTest"/>
  <testcase name="practiceTNGTest" time="0.003" classname="com.practiceTest.GetArrayMultipledataRuninTestNgTest"/>
  <testcase name="practiceTNGTest" time="0.002" classname="com.practiceTest.GetArrayMultipledataRuninTestNgTest"/>
  <testcase name="createContacttTest" time="0.0" classname="com.vtiger.contact.CreateContacttTest">
    <skipped/>
  </testcase> <!-- createContacttTest -->
  <testcase name="test1Test" time="0.002" classname="com.practiceTest.PracticeTestNgTest"/>
  <testcase name="test2Test" time="0.002" classname="com.practiceTest.PracticeTestNgTest"/>
  <testcase name="test3Test" time="0.002" classname="com.practiceTest.PracticeTestNgTest"/>
  <testcase name="Test5Test" time="0.003" classname="com.practiceTest.PracticeTestng2Test"/>
  <testcase name="createCampaignwithProductTest" time="0.0" classname="com.vtiger.createCampaigns.CreateCampaignWithProductTest">
    <skipped/>
  </testcase> <!-- createCampaignwithProductTest -->
  <testcase name="test1Test" time="0.003" classname="com.practiceTest.PracticeTestNgTest"/>
  <testcase name="test2Test" time="0.006" classname="com.practiceTest.PracticeTestNgTest"/>
  <testcase name="test3Test" time="0.005" classname="com.practiceTest.PracticeTestNgTest"/>
  <testcase name="createContactPomTest" time="0.0" classname="com.vtiger.createCampaigns.CreateContactTest">
    <skipped/>
  </testcase> <!-- createContactPomTest -->
  <testcase name="createProductPropTest" time="0.0" classname="com.vtiger.createProduct.CreateProductTest">
    <skipped/>
  </testcase> <!-- createProductPropTest -->
  <testcase name="documentsTest" time="0.0" classname="com.vtiger.documents.CreateDocumentsTest">
    <skipped/>
  </testcase> <!-- documentsTest -->
  <testcase name="createOrganizationTest" time="0.0" classname="com.vtiger.Organization.CreateOrganizationTest">
    <skipped/>
  </testcase> <!-- createOrganizationTest -->
  <testcase name="createOrgWithDdTest" time="0.0" classname="com.vtiger.Organization.CreateOrgWithTest">
    <skipped/>
  </testcase> <!-- createOrgWithDdTest -->
  <testcase name="@AfterTest afterTest1Test" time="0.0" classname="com.practiceTest.PracticeTestNgTest">
    <ignored/>
  </testcase> <!-- @AfterTest afterTest1Test -->
  <testcase name="@AfterSuite afterSuite2Test" time="0.0" classname="com.practiceTest.PracticeTestNgTest">
    <ignored/>
  </testcase> <!-- @AfterSuite afterSuite2Test -->
  <testcase name="@BeforeTest beforeTest1Test" time="0.0" classname="com.practiceTest.PracticeTestNgTest">
    <ignored/>
  </testcase> <!-- @BeforeTest beforeTest1Test -->
  <testcase name="@BeforeSuite beforeSuite2Test" time="0.0" classname="com.practiceTest.PracticeTestNgTest">
    <ignored/>
  </testcase> <!-- @BeforeSuite beforeSuite2Test -->
  <testcase name="@BeforeSuite beforeSuite1Test" time="0.0" classname="com.practiceTest.PracticeTestNgTest">
    <ignored/>
  </testcase> <!-- @BeforeSuite beforeSuite1Test -->
  <testcase name="@AfterSuite afterSuite" time="0.0" classname="com.sdetl1.generic.BaseClass">
    <ignored/>
  </testcase> <!-- @AfterSuite afterSuite -->
  <testcase name="@AfterSuite afterSuite" time="0.0" classname="com.sdetl1.generic.BaseClass">
    <ignored/>
  </testcase> <!-- @AfterSuite afterSuite -->
  <testcase name="@AfterSuite afterSuite" time="0.0" classname="com.sdetl1.generic.BaseClass">
    <ignored/>
  </testcase> <!-- @AfterSuite afterSuite -->
  <testcase name="@AfterSuite afterSuite" time="0.0" classname="com.sdetl1.generic.BaseClass">
    <ignored/>
  </testcase> <!-- @AfterSuite afterSuite -->
  <testcase name="@AfterSuite afterSuite" time="0.0" classname="com.sdetl1.generic.BaseClass">
    <ignored/>
  </testcase> <!-- @AfterSuite afterSuite -->
  <testcase name="@AfterSuite afterSuite" time="0.0" classname="com.sdetl1.generic.BaseClass">
    <ignored/>
  </testcase> <!-- @AfterSuite afterSuite -->
  <testcase name="@AfterSuite afterSuite" time="0.0" classname="com.sdetl1.generic.BaseClass">
    <ignored/>
  </testcase> <!-- @AfterSuite afterSuite -->
  <testcase name="@AfterSuite afterSuite" time="0.0" classname="com.sdetl1.generic.BaseClass">
    <ignored/>
  </testcase> <!-- @AfterSuite afterSuite -->
  <testcase name="@BeforeSuite beforSuite1Test" time="0.0" classname="com.sdetl1.generic.BaseClass">
    <ignored/>
  </testcase> <!-- @BeforeSuite beforSuite1Test -->
  <testcase name="@BeforeSuite beforSuite1Test" time="0.0" classname="com.sdetl1.generic.BaseClass">
    <ignored/>
  </testcase> <!-- @BeforeSuite beforSuite1Test -->
  <testcase name="@BeforeSuite beforSuite1Test" time="0.0" classname="com.sdetl1.generic.BaseClass">
    <ignored/>
  </testcase> <!-- @BeforeSuite beforSuite1Test -->
  <testcase name="@BeforeSuite beforSuite1Test" time="0.0" classname="com.sdetl1.generic.BaseClass">
    <ignored/>
  </testcase> <!-- @BeforeSuite beforSuite1Test -->
  <testcase name="@BeforeSuite beforSuite1Test" time="0.0" classname="com.sdetl1.generic.BaseClass">
    <ignored/>
  </testcase> <!-- @BeforeSuite beforSuite1Test -->
  <testcase name="@BeforeSuite beforSuite1Test" time="0.0" classname="com.sdetl1.generic.BaseClass">
    <ignored/>
  </testcase> <!-- @BeforeSuite beforSuite1Test -->
  <testcase name="@BeforeSuite beforSuite1Test" time="0.0" classname="com.sdetl1.generic.BaseClass">
    <ignored/>
  </testcase> <!-- @BeforeSuite beforSuite1Test -->
  <testcase name="@BeforeSuite beforSuite1Test" time="0.0" classname="com.sdetl1.generic.BaseClass">
    <ignored/>
  </testcase> <!-- @BeforeSuite beforSuite1Test -->
</testsuite> <!-- Surefire test -->
