<html>
<head>
<title>TestNG:  Surefire test</title>
<link href="../testng.css" rel="stylesheet" type="text/css" />
<link href="../my-testng.css" rel="stylesheet" type="text/css" />

<style type="text/css">
.log { display: none;} 
.stack-trace { display: none;} 
</style>
<script type="text/javascript">
<!--
function flip(e) {
  current = e.style.display;
  if (current == 'block') {
    e.style.display = 'none';
    return 0;
  }
  else {
    e.style.display = 'block';
    return 1;
  }
}

function toggleBox(szDivId, elem, msg1, msg2)
{
  var res = -1;  if (document.getElementById) {
    res = flip(document.getElementById(szDivId));
  }
  else if (document.all) {
    // this is the way old msie versions work
    res = flip(document.all[szDivId]);
  }
  if(elem) {
    if(res == 0) elem.innerHTML = msg1; else elem.innerHTML = msg2;
  }

}

function toggleAllBoxes() {
  if (document.getElementsByTagName) {
    d = document.getElementsByTagName('div');
    for (i = 0; i < d.length; i++) {
      if (d[i].className == 'log') {
        flip(d[i]);
      }
    }
  }
}

// -->
</script>

</head>
<body>
<h2 align='center'>Surefire test</h2><table border='1' align="center">
<tr>
<td>Tests passed/Failed/Skipped:</td><td>28/0/9</td>
</tr><tr>
<td>Started on:</td><td>Thu May 26 15:01:53 IST 2022</td>
</tr>
<tr><td>Total time:</td><td>1 seconds (1364 ms)</td>
</tr><tr>
<td>Included groups:</td><td></td>
</tr><tr>
<td>Excluded groups:</td><td></td>
</tr>
</table><p/>
<small><i>(Hover the method name to see the test class name)</i></small><p/>
<table width='100%' border='1' class='invocation-failed'>
<tr><td colspan='4' align='center'><b>FAILED CONFIGURATIONS</b></td></tr>
<tr><td><b>Test method</b></td>
<td width="30%"><b>Exception</b></td>
<td width="10%"><b>Time (seconds)</b></td>
<td><b>Instance</b></td>
</tr>
<tr>
<td title='com.PracticeOld.CreateContactTestPropTest.beforClass()'><b>beforClass</b><br>Test class: com.PracticeOld.CreateContactTestPropTest</td>
<td><div><pre>org.testng.TestNGException: 
Parameter &apos;browser&apos; is required by BeforeClass on method beforClass but has not been marked @Optional or defined

... Removed 27 stack frames</pre></div><a href='#' onClick='toggleBox("stack-trace38625764", this, "Click to show all stack frames", "Click to hide stack frames")'>Click to show all stack frames</a>
<div class='stack-trace' id='stack-trace38625764'><pre>org.testng.TestNGException: 
Parameter &apos;browser&apos; is required by BeforeClass on method beforClass but has not been marked @Optional or defined

	at org.testng.internal.Parameters.createParams(Parameters.java:290)
	at org.testng.internal.Parameters.createParametersForMethod(Parameters.java:359)
	at org.testng.internal.Parameters.createParameters(Parameters.java:620)
	at org.testng.internal.Parameters.createConfigurationParameters(Parameters.java:190)
	at org.testng.internal.Invoker.invokeConfigurations(Invoker.java:209)
	at org.testng.internal.Invoker.invokeConfigurations(Invoker.java:142)
	at org.testng.internal.TestMethodWorker.invokeBeforeClassMethods(TestMethodWorker.java:168)
	at org.testng.internal.TestMethodWorker.run(TestMethodWorker.java:105)
	at org.testng.TestRunner.privateRun(TestRunner.java:648)
	at org.testng.TestRunner.run(TestRunner.java:505)
	at org.testng.SuiteRunner.runTest(SuiteRunner.java:455)
	at org.testng.SuiteRunner.runSequentially(SuiteRunner.java:450)
	at org.testng.SuiteRunner.privateRun(SuiteRunner.java:415)
	at org.testng.SuiteRunner.run(SuiteRunner.java:364)
	at org.testng.SuiteRunnerWorker.runSuite(SuiteRunnerWorker.java:52)
	at org.testng.SuiteRunnerWorker.run(SuiteRunnerWorker.java:84)
	at org.testng.TestNG.runSuitesSequentially(TestNG.java:1208)
	at org.testng.TestNG.runSuitesLocally(TestNG.java:1137)
	at org.testng.TestNG.runSuites(TestNG.java:1049)
	at org.testng.TestNG.run(TestNG.java:1017)
	at org.apache.maven.surefire.testng.TestNGExecutor.run(TestNGExecutor.java:135)
	at org.apache.maven.surefire.testng.TestNGDirectoryTestSuite.executeMulti(TestNGDirectoryTestSuite.java:193)
	at org.apache.maven.surefire.testng.TestNGDirectoryTestSuite.execute(TestNGDirectoryTestSuite.java:94)
	at org.apache.maven.surefire.testng.TestNGProvider.invoke(TestNGProvider.java:146)
	at org.apache.maven.surefire.booter.ForkedBooter.invokeProviderInSameClassLoader(ForkedBooter.java:386)
	at org.apache.maven.surefire.booter.ForkedBooter.runSuitesInProcess(ForkedBooter.java:323)
	at org.apache.maven.surefire.booter.ForkedBooter.main(ForkedBooter.java:143)
</pre></div></td>
<td>0</td>
<td>com.PracticeOld.CreateContactTestPropTest@631e06ab</td></tr>
<tr>
<td title='com.vtiger.contact.CreateContactsWithOrgaNameTest.beforClass()'><b>beforClass</b><br>Test class: com.vtiger.contact.CreateContactsWithOrgaNameTest</td>
<td><div><pre>org.testng.TestNGException: 
Parameter &apos;browser&apos; is required by BeforeClass on method beforClass but has not been marked @Optional or defined

... Removed 27 stack frames</pre></div><a href='#' onClick='toggleBox("stack-trace2081501023", this, "Click to show all stack frames", "Click to hide stack frames")'>Click to show all stack frames</a>
<div class='stack-trace' id='stack-trace2081501023'><pre>org.testng.TestNGException: 
Parameter &apos;browser&apos; is required by BeforeClass on method beforClass but has not been marked @Optional or defined

	at org.testng.internal.Parameters.createParams(Parameters.java:290)
	at org.testng.internal.Parameters.createParametersForMethod(Parameters.java:359)
	at org.testng.internal.Parameters.createParameters(Parameters.java:620)
	at org.testng.internal.Parameters.createConfigurationParameters(Parameters.java:190)
	at org.testng.internal.Invoker.invokeConfigurations(Invoker.java:209)
	at org.testng.internal.Invoker.invokeConfigurations(Invoker.java:142)
	at org.testng.internal.TestMethodWorker.invokeBeforeClassMethods(TestMethodWorker.java:168)
	at org.testng.internal.TestMethodWorker.run(TestMethodWorker.java:105)
	at org.testng.TestRunner.privateRun(TestRunner.java:648)
	at org.testng.TestRunner.run(TestRunner.java:505)
	at org.testng.SuiteRunner.runTest(SuiteRunner.java:455)
	at org.testng.SuiteRunner.runSequentially(SuiteRunner.java:450)
	at org.testng.SuiteRunner.privateRun(SuiteRunner.java:415)
	at org.testng.SuiteRunner.run(SuiteRunner.java:364)
	at org.testng.SuiteRunnerWorker.runSuite(SuiteRunnerWorker.java:52)
	at org.testng.SuiteRunnerWorker.run(SuiteRunnerWorker.java:84)
	at org.testng.TestNG.runSuitesSequentially(TestNG.java:1208)
	at org.testng.TestNG.runSuitesLocally(TestNG.java:1137)
	at org.testng.TestNG.runSuites(TestNG.java:1049)
	at org.testng.TestNG.run(TestNG.java:1017)
	at org.apache.maven.surefire.testng.TestNGExecutor.run(TestNGExecutor.java:135)
	at org.apache.maven.surefire.testng.TestNGDirectoryTestSuite.executeMulti(TestNGDirectoryTestSuite.java:193)
	at org.apache.maven.surefire.testng.TestNGDirectoryTestSuite.execute(TestNGDirectoryTestSuite.java:94)
	at org.apache.maven.surefire.testng.TestNGProvider.invoke(TestNGProvider.java:146)
	at org.apache.maven.surefire.booter.ForkedBooter.invokeProviderInSameClassLoader(ForkedBooter.java:386)
	at org.apache.maven.surefire.booter.ForkedBooter.runSuitesInProcess(ForkedBooter.java:323)
	at org.apache.maven.surefire.booter.ForkedBooter.main(ForkedBooter.java:143)
</pre></div></td>
<td>0</td>
<td>com.vtiger.contact.CreateContactsWithOrgaNameTest@186978a6</td></tr>
<tr>
<td title='com.vtiger.contact.CreateContacttTest.beforClass()'><b>beforClass</b><br>Test class: com.vtiger.contact.CreateContacttTest</td>
<td><div><pre>org.testng.TestNGException: 
Parameter &apos;browser&apos; is required by BeforeClass on method beforClass but has not been marked @Optional or defined

... Removed 27 stack frames</pre></div><a href='#' onClick='toggleBox("stack-trace1223360538", this, "Click to show all stack frames", "Click to hide stack frames")'>Click to show all stack frames</a>
<div class='stack-trace' id='stack-trace1223360538'><pre>org.testng.TestNGException: 
Parameter &apos;browser&apos; is required by BeforeClass on method beforClass but has not been marked @Optional or defined

	at org.testng.internal.Parameters.createParams(Parameters.java:290)
	at org.testng.internal.Parameters.createParametersForMethod(Parameters.java:359)
	at org.testng.internal.Parameters.createParameters(Parameters.java:620)
	at org.testng.internal.Parameters.createConfigurationParameters(Parameters.java:190)
	at org.testng.internal.Invoker.invokeConfigurations(Invoker.java:209)
	at org.testng.internal.Invoker.invokeConfigurations(Invoker.java:142)
	at org.testng.internal.TestMethodWorker.invokeBeforeClassMethods(TestMethodWorker.java:168)
	at org.testng.internal.TestMethodWorker.run(TestMethodWorker.java:105)
	at org.testng.TestRunner.privateRun(TestRunner.java:648)
	at org.testng.TestRunner.run(TestRunner.java:505)
	at org.testng.SuiteRunner.runTest(SuiteRunner.java:455)
	at org.testng.SuiteRunner.runSequentially(SuiteRunner.java:450)
	at org.testng.SuiteRunner.privateRun(SuiteRunner.java:415)
	at org.testng.SuiteRunner.run(SuiteRunner.java:364)
	at org.testng.SuiteRunnerWorker.runSuite(SuiteRunnerWorker.java:52)
	at org.testng.SuiteRunnerWorker.run(SuiteRunnerWorker.java:84)
	at org.testng.TestNG.runSuitesSequentially(TestNG.java:1208)
	at org.testng.TestNG.runSuitesLocally(TestNG.java:1137)
	at org.testng.TestNG.runSuites(TestNG.java:1049)
	at org.testng.TestNG.run(TestNG.java:1017)
	at org.apache.maven.surefire.testng.TestNGExecutor.run(TestNGExecutor.java:135)
	at org.apache.maven.surefire.testng.TestNGDirectoryTestSuite.executeMulti(TestNGDirectoryTestSuite.java:193)
	at org.apache.maven.surefire.testng.TestNGDirectoryTestSuite.execute(TestNGDirectoryTestSuite.java:94)
	at org.apache.maven.surefire.testng.TestNGProvider.invoke(TestNGProvider.java:146)
	at org.apache.maven.surefire.booter.ForkedBooter.invokeProviderInSameClassLoader(ForkedBooter.java:386)
	at org.apache.maven.surefire.booter.ForkedBooter.runSuitesInProcess(ForkedBooter.java:323)
	at org.apache.maven.surefire.booter.ForkedBooter.main(ForkedBooter.java:143)
</pre></div></td>
<td>0</td>
<td>com.vtiger.contact.CreateContacttTest@2e029d61</td></tr>
<tr>
<td title='com.vtiger.createCampaigns.CreateCampaignWithProductTest.beforClass()'><b>beforClass</b><br>Test class: com.vtiger.createCampaigns.CreateCampaignWithProductTest</td>
<td><div><pre>org.testng.TestNGException: 
Parameter &apos;browser&apos; is required by BeforeClass on method beforClass but has not been marked @Optional or defined

... Removed 27 stack frames</pre></div><a href='#' onClick='toggleBox("stack-trace1057064084", this, "Click to show all stack frames", "Click to hide stack frames")'>Click to show all stack frames</a>
<div class='stack-trace' id='stack-trace1057064084'><pre>org.testng.TestNGException: 
Parameter &apos;browser&apos; is required by BeforeClass on method beforClass but has not been marked @Optional or defined

	at org.testng.internal.Parameters.createParams(Parameters.java:290)
	at org.testng.internal.Parameters.createParametersForMethod(Parameters.java:359)
	at org.testng.internal.Parameters.createParameters(Parameters.java:620)
	at org.testng.internal.Parameters.createConfigurationParameters(Parameters.java:190)
	at org.testng.internal.Invoker.invokeConfigurations(Invoker.java:209)
	at org.testng.internal.Invoker.invokeConfigurations(Invoker.java:142)
	at org.testng.internal.TestMethodWorker.invokeBeforeClassMethods(TestMethodWorker.java:168)
	at org.testng.internal.TestMethodWorker.run(TestMethodWorker.java:105)
	at org.testng.TestRunner.privateRun(TestRunner.java:648)
	at org.testng.TestRunner.run(TestRunner.java:505)
	at org.testng.SuiteRunner.runTest(SuiteRunner.java:455)
	at org.testng.SuiteRunner.runSequentially(SuiteRunner.java:450)
	at org.testng.SuiteRunner.privateRun(SuiteRunner.java:415)
	at org.testng.SuiteRunner.run(SuiteRunner.java:364)
	at org.testng.SuiteRunnerWorker.runSuite(SuiteRunnerWorker.java:52)
	at org.testng.SuiteRunnerWorker.run(SuiteRunnerWorker.java:84)
	at org.testng.TestNG.runSuitesSequentially(TestNG.java:1208)
	at org.testng.TestNG.runSuitesLocally(TestNG.java:1137)
	at org.testng.TestNG.runSuites(TestNG.java:1049)
	at org.testng.TestNG.run(TestNG.java:1017)
	at org.apache.maven.surefire.testng.TestNGExecutor.run(TestNGExecutor.java:135)
	at org.apache.maven.surefire.testng.TestNGDirectoryTestSuite.executeMulti(TestNGDirectoryTestSuite.java:193)
	at org.apache.maven.surefire.testng.TestNGDirectoryTestSuite.execute(TestNGDirectoryTestSuite.java:94)
	at org.apache.maven.surefire.testng.TestNGProvider.invoke(TestNGProvider.java:146)
	at org.apache.maven.surefire.booter.ForkedBooter.invokeProviderInSameClassLoader(ForkedBooter.java:386)
	at org.apache.maven.surefire.booter.ForkedBooter.runSuitesInProcess(ForkedBooter.java:323)
	at org.apache.maven.surefire.booter.ForkedBooter.main(ForkedBooter.java:143)
</pre></div></td>
<td>0</td>
<td>com.vtiger.createCampaigns.CreateCampaignWithProductTest@482d776b</td></tr>
<tr>
<td title='com.vtiger.createCampaigns.CreateContactTest.beforClass()'><b>beforClass</b><br>Test class: com.vtiger.createCampaigns.CreateContactTest</td>
<td><div><pre>org.testng.TestNGException: 
Parameter &apos;browser&apos; is required by BeforeClass on method beforClass but has not been marked @Optional or defined

... Removed 27 stack frames</pre></div><a href='#' onClick='toggleBox("stack-trace1388280822", this, "Click to show all stack frames", "Click to hide stack frames")'>Click to show all stack frames</a>
<div class='stack-trace' id='stack-trace1388280822'><pre>org.testng.TestNGException: 
Parameter &apos;browser&apos; is required by BeforeClass on method beforClass but has not been marked @Optional or defined

	at org.testng.internal.Parameters.createParams(Parameters.java:290)
	at org.testng.internal.Parameters.createParametersForMethod(Parameters.java:359)
	at org.testng.internal.Parameters.createParameters(Parameters.java:620)
	at org.testng.internal.Parameters.createConfigurationParameters(Parameters.java:190)
	at org.testng.internal.Invoker.invokeConfigurations(Invoker.java:209)
	at org.testng.internal.Invoker.invokeConfigurations(Invoker.java:142)
	at org.testng.internal.TestMethodWorker.invokeBeforeClassMethods(TestMethodWorker.java:168)
	at org.testng.internal.TestMethodWorker.run(TestMethodWorker.java:105)
	at org.testng.TestRunner.privateRun(TestRunner.java:648)
	at org.testng.TestRunner.run(TestRunner.java:505)
	at org.testng.SuiteRunner.runTest(SuiteRunner.java:455)
	at org.testng.SuiteRunner.runSequentially(SuiteRunner.java:450)
	at org.testng.SuiteRunner.privateRun(SuiteRunner.java:415)
	at org.testng.SuiteRunner.run(SuiteRunner.java:364)
	at org.testng.SuiteRunnerWorker.runSuite(SuiteRunnerWorker.java:52)
	at org.testng.SuiteRunnerWorker.run(SuiteRunnerWorker.java:84)
	at org.testng.TestNG.runSuitesSequentially(TestNG.java:1208)
	at org.testng.TestNG.runSuitesLocally(TestNG.java:1137)
	at org.testng.TestNG.runSuites(TestNG.java:1049)
	at org.testng.TestNG.run(TestNG.java:1017)
	at org.apache.maven.surefire.testng.TestNGExecutor.run(TestNGExecutor.java:135)
	at org.apache.maven.surefire.testng.TestNGDirectoryTestSuite.executeMulti(TestNGDirectoryTestSuite.java:193)
	at org.apache.maven.surefire.testng.TestNGDirectoryTestSuite.execute(TestNGDirectoryTestSuite.java:94)
	at org.apache.maven.surefire.testng.TestNGProvider.invoke(TestNGProvider.java:146)
	at org.apache.maven.surefire.booter.ForkedBooter.invokeProviderInSameClassLoader(ForkedBooter.java:386)
	at org.apache.maven.surefire.booter.ForkedBooter.runSuitesInProcess(ForkedBooter.java:323)
	at org.apache.maven.surefire.booter.ForkedBooter.main(ForkedBooter.java:143)
</pre></div></td>
<td>0</td>
<td>com.vtiger.createCampaigns.CreateContactTest@4052274f</td></tr>
<tr>
<td title='com.vtiger.createProduct.CreateProductTest.beforClass()'><b>beforClass</b><br>Test class: com.vtiger.createProduct.CreateProductTest</td>
<td><div><pre>org.testng.TestNGException: 
Parameter &apos;browser&apos; is required by BeforeClass on method beforClass but has not been marked @Optional or defined

... Removed 27 stack frames</pre></div><a href='#' onClick='toggleBox("stack-trace1939282277", this, "Click to show all stack frames", "Click to hide stack frames")'>Click to show all stack frames</a>
<div class='stack-trace' id='stack-trace1939282277'><pre>org.testng.TestNGException: 
Parameter &apos;browser&apos; is required by BeforeClass on method beforClass but has not been marked @Optional or defined

	at org.testng.internal.Parameters.createParams(Parameters.java:290)
	at org.testng.internal.Parameters.createParametersForMethod(Parameters.java:359)
	at org.testng.internal.Parameters.createParameters(Parameters.java:620)
	at org.testng.internal.Parameters.createConfigurationParameters(Parameters.java:190)
	at org.testng.internal.Invoker.invokeConfigurations(Invoker.java:209)
	at org.testng.internal.Invoker.invokeConfigurations(Invoker.java:142)
	at org.testng.internal.TestMethodWorker.invokeBeforeClassMethods(TestMethodWorker.java:168)
	at org.testng.internal.TestMethodWorker.run(TestMethodWorker.java:105)
	at org.testng.TestRunner.privateRun(TestRunner.java:648)
	at org.testng.TestRunner.run(TestRunner.java:505)
	at org.testng.SuiteRunner.runTest(SuiteRunner.java:455)
	at org.testng.SuiteRunner.runSequentially(SuiteRunner.java:450)
	at org.testng.SuiteRunner.privateRun(SuiteRunner.java:415)
	at org.testng.SuiteRunner.run(SuiteRunner.java:364)
	at org.testng.SuiteRunnerWorker.runSuite(SuiteRunnerWorker.java:52)
	at org.testng.SuiteRunnerWorker.run(SuiteRunnerWorker.java:84)
	at org.testng.TestNG.runSuitesSequentially(TestNG.java:1208)
	at org.testng.TestNG.runSuitesLocally(TestNG.java:1137)
	at org.testng.TestNG.runSuites(TestNG.java:1049)
	at org.testng.TestNG.run(TestNG.java:1017)
	at org.apache.maven.surefire.testng.TestNGExecutor.run(TestNGExecutor.java:135)
	at org.apache.maven.surefire.testng.TestNGDirectoryTestSuite.executeMulti(TestNGDirectoryTestSuite.java:193)
	at org.apache.maven.surefire.testng.TestNGDirectoryTestSuite.execute(TestNGDirectoryTestSuite.java:94)
	at org.apache.maven.surefire.testng.TestNGProvider.invoke(TestNGProvider.java:146)
	at org.apache.maven.surefire.booter.ForkedBooter.invokeProviderInSameClassLoader(ForkedBooter.java:386)
	at org.apache.maven.surefire.booter.ForkedBooter.runSuitesInProcess(ForkedBooter.java:323)
	at org.apache.maven.surefire.booter.ForkedBooter.main(ForkedBooter.java:143)
</pre></div></td>
<td>0</td>
<td>com.vtiger.createProduct.CreateProductTest@132ddbab</td></tr>
<tr>
<td title='com.vtiger.documents.CreateDocumentsTest.beforClass()'><b>beforClass</b><br>Test class: com.vtiger.documents.CreateDocumentsTest</td>
<td><div><pre>org.testng.TestNGException: 
Parameter &apos;browser&apos; is required by BeforeClass on method beforClass but has not been marked @Optional or defined

... Removed 27 stack frames</pre></div><a href='#' onClick='toggleBox("stack-trace1190724320", this, "Click to show all stack frames", "Click to hide stack frames")'>Click to show all stack frames</a>
<div class='stack-trace' id='stack-trace1190724320'><pre>org.testng.TestNGException: 
Parameter &apos;browser&apos; is required by BeforeClass on method beforClass but has not been marked @Optional or defined

	at org.testng.internal.Parameters.createParams(Parameters.java:290)
	at org.testng.internal.Parameters.createParametersForMethod(Parameters.java:359)
	at org.testng.internal.Parameters.createParameters(Parameters.java:620)
	at org.testng.internal.Parameters.createConfigurationParameters(Parameters.java:190)
	at org.testng.internal.Invoker.invokeConfigurations(Invoker.java:209)
	at org.testng.internal.Invoker.invokeConfigurations(Invoker.java:142)
	at org.testng.internal.TestMethodWorker.invokeBeforeClassMethods(TestMethodWorker.java:168)
	at org.testng.internal.TestMethodWorker.run(TestMethodWorker.java:105)
	at org.testng.TestRunner.privateRun(TestRunner.java:648)
	at org.testng.TestRunner.run(TestRunner.java:505)
	at org.testng.SuiteRunner.runTest(SuiteRunner.java:455)
	at org.testng.SuiteRunner.runSequentially(SuiteRunner.java:450)
	at org.testng.SuiteRunner.privateRun(SuiteRunner.java:415)
	at org.testng.SuiteRunner.run(SuiteRunner.java:364)
	at org.testng.SuiteRunnerWorker.runSuite(SuiteRunnerWorker.java:52)
	at org.testng.SuiteRunnerWorker.run(SuiteRunnerWorker.java:84)
	at org.testng.TestNG.runSuitesSequentially(TestNG.java:1208)
	at org.testng.TestNG.runSuitesLocally(TestNG.java:1137)
	at org.testng.TestNG.runSuites(TestNG.java:1049)
	at org.testng.TestNG.run(TestNG.java:1017)
	at org.apache.maven.surefire.testng.TestNGExecutor.run(TestNGExecutor.java:135)
	at org.apache.maven.surefire.testng.TestNGDirectoryTestSuite.executeMulti(TestNGDirectoryTestSuite.java:193)
	at org.apache.maven.surefire.testng.TestNGDirectoryTestSuite.execute(TestNGDirectoryTestSuite.java:94)
	at org.apache.maven.surefire.testng.TestNGProvider.invoke(TestNGProvider.java:146)
	at org.apache.maven.surefire.booter.ForkedBooter.invokeProviderInSameClassLoader(ForkedBooter.java:386)
	at org.apache.maven.surefire.booter.ForkedBooter.runSuitesInProcess(ForkedBooter.java:323)
	at org.apache.maven.surefire.booter.ForkedBooter.main(ForkedBooter.java:143)
</pre></div></td>
<td>0</td>
<td>com.vtiger.documents.CreateDocumentsTest@297ea53a</td></tr>
<tr>
<td title='com.vtiger.Organization.CreateOrganizationTest.beforClass()'><b>beforClass</b><br>Test class: com.vtiger.Organization.CreateOrganizationTest</td>
<td><div><pre>org.testng.TestNGException: 
Parameter &apos;browser&apos; is required by BeforeClass on method beforClass but has not been marked @Optional or defined

... Removed 27 stack frames</pre></div><a href='#' onClick='toggleBox("stack-trace318020776", this, "Click to show all stack frames", "Click to hide stack frames")'>Click to show all stack frames</a>
<div class='stack-trace' id='stack-trace318020776'><pre>org.testng.TestNGException: 
Parameter &apos;browser&apos; is required by BeforeClass on method beforClass but has not been marked @Optional or defined

	at org.testng.internal.Parameters.createParams(Parameters.java:290)
	at org.testng.internal.Parameters.createParametersForMethod(Parameters.java:359)
	at org.testng.internal.Parameters.createParameters(Parameters.java:620)
	at org.testng.internal.Parameters.createConfigurationParameters(Parameters.java:190)
	at org.testng.internal.Invoker.invokeConfigurations(Invoker.java:209)
	at org.testng.internal.Invoker.invokeConfigurations(Invoker.java:142)
	at org.testng.internal.TestMethodWorker.invokeBeforeClassMethods(TestMethodWorker.java:168)
	at org.testng.internal.TestMethodWorker.run(TestMethodWorker.java:105)
	at org.testng.TestRunner.privateRun(TestRunner.java:648)
	at org.testng.TestRunner.run(TestRunner.java:505)
	at org.testng.SuiteRunner.runTest(SuiteRunner.java:455)
	at org.testng.SuiteRunner.runSequentially(SuiteRunner.java:450)
	at org.testng.SuiteRunner.privateRun(SuiteRunner.java:415)
	at org.testng.SuiteRunner.run(SuiteRunner.java:364)
	at org.testng.SuiteRunnerWorker.runSuite(SuiteRunnerWorker.java:52)
	at org.testng.SuiteRunnerWorker.run(SuiteRunnerWorker.java:84)
	at org.testng.TestNG.runSuitesSequentially(TestNG.java:1208)
	at org.testng.TestNG.runSuitesLocally(TestNG.java:1137)
	at org.testng.TestNG.runSuites(TestNG.java:1049)
	at org.testng.TestNG.run(TestNG.java:1017)
	at org.apache.maven.surefire.testng.TestNGExecutor.run(TestNGExecutor.java:135)
	at org.apache.maven.surefire.testng.TestNGDirectoryTestSuite.executeMulti(TestNGDirectoryTestSuite.java:193)
	at org.apache.maven.surefire.testng.TestNGDirectoryTestSuite.execute(TestNGDirectoryTestSuite.java:94)
	at org.apache.maven.surefire.testng.TestNGProvider.invoke(TestNGProvider.java:146)
	at org.apache.maven.surefire.booter.ForkedBooter.invokeProviderInSameClassLoader(ForkedBooter.java:386)
	at org.apache.maven.surefire.booter.ForkedBooter.runSuitesInProcess(ForkedBooter.java:323)
	at org.apache.maven.surefire.booter.ForkedBooter.main(ForkedBooter.java:143)
</pre></div></td>
<td>0</td>
<td>com.vtiger.Organization.CreateOrganizationTest@acb0951</td></tr>
<tr>
<td title='com.vtiger.Organization.CreateOrgWithTest.beforClass()'><b>beforClass</b><br>Test class: com.vtiger.Organization.CreateOrgWithTest</td>
<td><div><pre>org.testng.TestNGException: 
Parameter &apos;browser&apos; is required by BeforeClass on method beforClass but has not been marked @Optional or defined

... Removed 27 stack frames</pre></div><a href='#' onClick='toggleBox("stack-trace1428049005", this, "Click to show all stack frames", "Click to hide stack frames")'>Click to show all stack frames</a>
<div class='stack-trace' id='stack-trace1428049005'><pre>org.testng.TestNGException: 
Parameter &apos;browser&apos; is required by BeforeClass on method beforClass but has not been marked @Optional or defined

	at org.testng.internal.Parameters.createParams(Parameters.java:290)
	at org.testng.internal.Parameters.createParametersForMethod(Parameters.java:359)
	at org.testng.internal.Parameters.createParameters(Parameters.java:620)
	at org.testng.internal.Parameters.createConfigurationParameters(Parameters.java:190)
	at org.testng.internal.Invoker.invokeConfigurations(Invoker.java:209)
	at org.testng.internal.Invoker.invokeConfigurations(Invoker.java:142)
	at org.testng.internal.TestMethodWorker.invokeBeforeClassMethods(TestMethodWorker.java:168)
	at org.testng.internal.TestMethodWorker.run(TestMethodWorker.java:105)
	at org.testng.TestRunner.privateRun(TestRunner.java:648)
	at org.testng.TestRunner.run(TestRunner.java:505)
	at org.testng.SuiteRunner.runTest(SuiteRunner.java:455)
	at org.testng.SuiteRunner.runSequentially(SuiteRunner.java:450)
	at org.testng.SuiteRunner.privateRun(SuiteRunner.java:415)
	at org.testng.SuiteRunner.run(SuiteRunner.java:364)
	at org.testng.SuiteRunnerWorker.runSuite(SuiteRunnerWorker.java:52)
	at org.testng.SuiteRunnerWorker.run(SuiteRunnerWorker.java:84)
	at org.testng.TestNG.runSuitesSequentially(TestNG.java:1208)
	at org.testng.TestNG.runSuitesLocally(TestNG.java:1137)
	at org.testng.TestNG.runSuites(TestNG.java:1049)
	at org.testng.TestNG.run(TestNG.java:1017)
	at org.apache.maven.surefire.testng.TestNGExecutor.run(TestNGExecutor.java:135)
	at org.apache.maven.surefire.testng.TestNGDirectoryTestSuite.executeMulti(TestNGDirectoryTestSuite.java:193)
	at org.apache.maven.surefire.testng.TestNGDirectoryTestSuite.execute(TestNGDirectoryTestSuite.java:94)
	at org.apache.maven.surefire.testng.TestNGProvider.invoke(TestNGProvider.java:146)
	at org.apache.maven.surefire.booter.ForkedBooter.invokeProviderInSameClassLoader(ForkedBooter.java:386)
	at org.apache.maven.surefire.booter.ForkedBooter.runSuitesInProcess(ForkedBooter.java:323)
	at org.apache.maven.surefire.booter.ForkedBooter.main(ForkedBooter.java:143)
</pre></div></td>
<td>0</td>
<td>com.vtiger.Organization.CreateOrgWithTest@5bf22f18</td></tr>
</table><p>
<table width='100%' border='1' class='invocation-skipped'>
<tr><td colspan='4' align='center'><b>SKIPPED CONFIGURATIONS</b></td></tr>
<tr><td><b>Test method</b></td>
<td width="30%"><b>Exception</b></td>
<td width="10%"><b>Time (seconds)</b></td>
<td><b>Instance</b></td>
</tr>
<tr>
<td title='com.PracticeOld.CreateContactTestPropTest.beforeMethod()'><b>beforeMethod</b><br>Test class: com.PracticeOld.CreateContactTestPropTest</td>
<td></td>
<td>0</td>
<td>com.PracticeOld.CreateContactTestPropTest@631e06ab</td></tr>
<tr>
<td title='com.vtiger.contact.CreateContactsWithOrgaNameTest.beforeMethod()'><b>beforeMethod</b><br>Test class: com.vtiger.contact.CreateContactsWithOrgaNameTest</td>
<td></td>
<td>0</td>
<td>com.vtiger.contact.CreateContactsWithOrgaNameTest@186978a6</td></tr>
<tr>
<td title='com.vtiger.contact.CreateContacttTest.beforeMethod()'><b>beforeMethod</b><br>Test class: com.vtiger.contact.CreateContacttTest</td>
<td></td>
<td>0</td>
<td>com.vtiger.contact.CreateContacttTest@2e029d61</td></tr>
<tr>
<td title='com.vtiger.createCampaigns.CreateCampaignWithProductTest.beforeMethod()'><b>beforeMethod</b><br>Test class: com.vtiger.createCampaigns.CreateCampaignWithProductTest</td>
<td></td>
<td>0</td>
<td>com.vtiger.createCampaigns.CreateCampaignWithProductTest@482d776b</td></tr>
<tr>
<td title='com.vtiger.createCampaigns.CreateContactTest.beforeMethod()'><b>beforeMethod</b><br>Test class: com.vtiger.createCampaigns.CreateContactTest</td>
<td></td>
<td>0</td>
<td>com.vtiger.createCampaigns.CreateContactTest@4052274f</td></tr>
<tr>
<td title='com.vtiger.createProduct.CreateProductTest.beforeMethod()'><b>beforeMethod</b><br>Test class: com.vtiger.createProduct.CreateProductTest</td>
<td></td>
<td>0</td>
<td>com.vtiger.createProduct.CreateProductTest@132ddbab</td></tr>
<tr>
<td title='com.vtiger.documents.CreateDocumentsTest.beforeMethod()'><b>beforeMethod</b><br>Test class: com.vtiger.documents.CreateDocumentsTest</td>
<td></td>
<td>0</td>
<td>com.vtiger.documents.CreateDocumentsTest@297ea53a</td></tr>
<tr>
<td title='com.vtiger.Organization.CreateOrganizationTest.beforeMethod()'><b>beforeMethod</b><br>Test class: com.vtiger.Organization.CreateOrganizationTest</td>
<td></td>
<td>0</td>
<td>com.vtiger.Organization.CreateOrganizationTest@acb0951</td></tr>
<tr>
<td title='com.vtiger.Organization.CreateOrgWithTest.beforeMethod()'><b>beforeMethod</b><br>Test class: com.vtiger.Organization.CreateOrgWithTest</td>
<td></td>
<td>0</td>
<td>com.vtiger.Organization.CreateOrgWithTest@5bf22f18</td></tr>
<tr>
<td title='com.PracticeOld.CreateContactTestPropTest.afterMethod()'><b>afterMethod</b><br>Test class: com.PracticeOld.CreateContactTestPropTest</td>
<td></td>
<td>0</td>
<td>com.PracticeOld.CreateContactTestPropTest@631e06ab</td></tr>
<tr>
<td title='com.vtiger.contact.CreateContactsWithOrgaNameTest.afterMethod()'><b>afterMethod</b><br>Test class: com.vtiger.contact.CreateContactsWithOrgaNameTest</td>
<td></td>
<td>0</td>
<td>com.vtiger.contact.CreateContactsWithOrgaNameTest@186978a6</td></tr>
<tr>
<td title='com.vtiger.contact.CreateContacttTest.afterMethod()'><b>afterMethod</b><br>Test class: com.vtiger.contact.CreateContacttTest</td>
<td></td>
<td>0</td>
<td>com.vtiger.contact.CreateContacttTest@2e029d61</td></tr>
<tr>
<td title='com.vtiger.createCampaigns.CreateCampaignWithProductTest.afterMethod()'><b>afterMethod</b><br>Test class: com.vtiger.createCampaigns.CreateCampaignWithProductTest</td>
<td></td>
<td>0</td>
<td>com.vtiger.createCampaigns.CreateCampaignWithProductTest@482d776b</td></tr>
<tr>
<td title='com.vtiger.createCampaigns.CreateContactTest.afterMethod()'><b>afterMethod</b><br>Test class: com.vtiger.createCampaigns.CreateContactTest</td>
<td></td>
<td>0</td>
<td>com.vtiger.createCampaigns.CreateContactTest@4052274f</td></tr>
<tr>
<td title='com.vtiger.createProduct.CreateProductTest.afterMethod()'><b>afterMethod</b><br>Test class: com.vtiger.createProduct.CreateProductTest</td>
<td></td>
<td>0</td>
<td>com.vtiger.createProduct.CreateProductTest@132ddbab</td></tr>
<tr>
<td title='com.vtiger.documents.CreateDocumentsTest.afterMethod()'><b>afterMethod</b><br>Test class: com.vtiger.documents.CreateDocumentsTest</td>
<td></td>
<td>0</td>
<td>com.vtiger.documents.CreateDocumentsTest@297ea53a</td></tr>
<tr>
<td title='com.vtiger.Organization.CreateOrganizationTest.afterMethod()'><b>afterMethod</b><br>Test class: com.vtiger.Organization.CreateOrganizationTest</td>
<td></td>
<td>0</td>
<td>com.vtiger.Organization.CreateOrganizationTest@acb0951</td></tr>
<tr>
<td title='com.vtiger.Organization.CreateOrgWithTest.afterMethod()'><b>afterMethod</b><br>Test class: com.vtiger.Organization.CreateOrgWithTest</td>
<td></td>
<td>0</td>
<td>com.vtiger.Organization.CreateOrgWithTest@5bf22f18</td></tr>
<tr>
<td title='com.PracticeOld.CreateContactTestPropTest.afterClass()'><b>afterClass</b><br>Test class: com.PracticeOld.CreateContactTestPropTest</td>
<td></td>
<td>0</td>
<td>com.PracticeOld.CreateContactTestPropTest@631e06ab</td></tr>
<tr>
<td title='com.vtiger.contact.CreateContactsWithOrgaNameTest.afterClass()'><b>afterClass</b><br>Test class: com.vtiger.contact.CreateContactsWithOrgaNameTest</td>
<td></td>
<td>0</td>
<td>com.vtiger.contact.CreateContactsWithOrgaNameTest@186978a6</td></tr>
<tr>
<td title='com.vtiger.contact.CreateContacttTest.afterClass()'><b>afterClass</b><br>Test class: com.vtiger.contact.CreateContacttTest</td>
<td></td>
<td>0</td>
<td>com.vtiger.contact.CreateContacttTest@2e029d61</td></tr>
<tr>
<td title='com.vtiger.createCampaigns.CreateCampaignWithProductTest.afterClass()'><b>afterClass</b><br>Test class: com.vtiger.createCampaigns.CreateCampaignWithProductTest</td>
<td></td>
<td>0</td>
<td>com.vtiger.createCampaigns.CreateCampaignWithProductTest@482d776b</td></tr>
<tr>
<td title='com.vtiger.createCampaigns.CreateContactTest.afterClass()'><b>afterClass</b><br>Test class: com.vtiger.createCampaigns.CreateContactTest</td>
<td></td>
<td>0</td>
<td>com.vtiger.createCampaigns.CreateContactTest@4052274f</td></tr>
<tr>
<td title='com.vtiger.createProduct.CreateProductTest.afterClass()'><b>afterClass</b><br>Test class: com.vtiger.createProduct.CreateProductTest</td>
<td></td>
<td>0</td>
<td>com.vtiger.createProduct.CreateProductTest@132ddbab</td></tr>
<tr>
<td title='com.vtiger.documents.CreateDocumentsTest.afterClass()'><b>afterClass</b><br>Test class: com.vtiger.documents.CreateDocumentsTest</td>
<td></td>
<td>0</td>
<td>com.vtiger.documents.CreateDocumentsTest@297ea53a</td></tr>
<tr>
<td title='com.vtiger.Organization.CreateOrganizationTest.afterClass()'><b>afterClass</b><br>Test class: com.vtiger.Organization.CreateOrganizationTest</td>
<td></td>
<td>0</td>
<td>com.vtiger.Organization.CreateOrganizationTest@acb0951</td></tr>
<tr>
<td title='com.vtiger.Organization.CreateOrgWithTest.afterClass()'><b>afterClass</b><br>Test class: com.vtiger.Organization.CreateOrgWithTest</td>
<td></td>
<td>0</td>
<td>com.vtiger.Organization.CreateOrgWithTest@5bf22f18</td></tr>
</table><p>
<table width='100%' border='1' class='invocation-passed'>
<tr><td colspan='4' align='center'><b>PASSED TESTS</b></td></tr>
<tr><td><b>Test method</b></td>
<td width="30%"><b>Exception</b></td>
<td width="10%"><b>Time (seconds)</b></td>
<td><b>Instance</b></td>
</tr>
<tr>
<td title='com.practiceTest.PracticeTestng2Test.Test5Test()'><b>Test5Test</b><br>Test class: com.practiceTest.PracticeTestng2Test<br/>
<a href="#Output-956480812" onClick='toggleBox("Output-956480812", this, "Show output", "Hide output");'>Show output</a>

<a href="#Output-956480812" onClick="toggleAllBoxes();">Show all outputs</a>
<div class='log' id="Output-956480812">
ultimate<br/>
</div>
</td>
<td></td>
<td>0</td>
<td>com.practiceTest.PracticeTestng2Test@6d0b5baf</td></tr>
<tr>
<td title='com.practiceTest.GetArrayMultipledataRuninTestNgTest.practiceTNGTest()'><b>practiceTNGTest</b><br>Test class: com.practiceTest.GetArrayMultipledataRuninTestNgTest<br>Parameters: admin1, adminoo1<br/>
<a href="#Output-253722034" onClick='toggleBox("Output-253722034", this, "Show output", "Hide output");'>Show output</a>

<a href="#Output-253722034" onClick="toggleAllBoxes();">Show all outputs</a>
<div class='log' id="Output-253722034">
admin1   ------->     adminoo1<br/>
</div>
</td>
<td></td>
<td>0</td>
<td>com.practiceTest.GetArrayMultipledataRuninTestNgTest@107ed6fc</td></tr>
<tr>
<td title='com.practiceTest.GetArrayMultipledataRuninTestNgTest.practiceTNGTest()'><b>practiceTNGTest</b><br>Test class: com.practiceTest.GetArrayMultipledataRuninTestNgTest<br>Parameters: admin2, adminoo2<br/>
<a href="#Output-1874919946" onClick='toggleBox("Output-1874919946", this, "Show output", "Hide output");'>Show output</a>

<a href="#Output-1874919946" onClick="toggleAllBoxes();">Show all outputs</a>
<div class='log' id="Output-1874919946">
admin2   ------->     adminoo2<br/>
</div>
</td>
<td></td>
<td>0</td>
<td>com.practiceTest.GetArrayMultipledataRuninTestNgTest@107ed6fc</td></tr>
<tr>
<td title='com.practiceTest.GetArrayMultipledataRuninTestNgTest.practiceTNGTest()'><b>practiceTNGTest</b><br>Test class: com.practiceTest.GetArrayMultipledataRuninTestNgTest<br>Parameters: admin3, adminoo3<br/>
<a href="#Output-1466066315" onClick='toggleBox("Output-1466066315", this, "Show output", "Hide output");'>Show output</a>

<a href="#Output-1466066315" onClick="toggleAllBoxes();">Show all outputs</a>
<div class='log' id="Output-1466066315">
admin3   ------->     adminoo3<br/>
</div>
</td>
<td></td>
<td>0</td>
<td>com.practiceTest.GetArrayMultipledataRuninTestNgTest@107ed6fc</td></tr>
<tr>
<td title='com.practiceTest.GetArrayMultipledataRuninTestNgTest.practiceTNGTest()'><b>practiceTNGTest</b><br>Test class: com.practiceTest.GetArrayMultipledataRuninTestNgTest<br>Parameters: admin4, adminoo4<br/>
<a href="#Output-640275932" onClick='toggleBox("Output-640275932", this, "Show output", "Hide output");'>Show output</a>

<a href="#Output-640275932" onClick="toggleAllBoxes();">Show all outputs</a>
<div class='log' id="Output-640275932">
admin4   ------->     adminoo4<br/>
</div>
</td>
<td></td>
<td>0</td>
<td>com.practiceTest.GetArrayMultipledataRuninTestNgTest@107ed6fc</td></tr>
<tr>
<td title='com.practiceTest.GetArrayMultipledataRuninTestNgTest.practiceTNGTest()'><b>practiceTNGTest</b><br>Test class: com.practiceTest.GetArrayMultipledataRuninTestNgTest<br>Parameters: admin5, adminoo5<br/>
<a href="#Output-630642676" onClick='toggleBox("Output-630642676", this, "Show output", "Hide output");'>Show output</a>

<a href="#Output-630642676" onClick="toggleAllBoxes();">Show all outputs</a>
<div class='log' id="Output-630642676">
admin5   ------->     adminoo5<br/>
</div>
</td>
<td></td>
<td>0</td>
<td>com.practiceTest.GetArrayMultipledataRuninTestNgTest@107ed6fc</td></tr>
<tr>
<td title='com.practiceTest.GetArrayMultipledataRuninTestNgTest.practiceTNGTest()'><b>practiceTNGTest</b><br>Test class: com.practiceTest.GetArrayMultipledataRuninTestNgTest<br>Parameters: admin6, adminoo6<br/>
<a href="#Output-1117802526" onClick='toggleBox("Output-1117802526", this, "Show output", "Hide output");'>Show output</a>

<a href="#Output-1117802526" onClick="toggleAllBoxes();">Show all outputs</a>
<div class='log' id="Output-1117802526">
admin6   ------->     adminoo6<br/>
</div>
</td>
<td></td>
<td>0</td>
<td>com.practiceTest.GetArrayMultipledataRuninTestNgTest@107ed6fc</td></tr>
<tr>
<td title='com.practiceTest.GetArrayMultipledataRuninTestNgTest.practiceTNGTest()'><b>practiceTNGTest</b><br>Test class: com.practiceTest.GetArrayMultipledataRuninTestNgTest<br>Parameters: admin7, adminoo7<br/>
<a href="#Output-111819772" onClick='toggleBox("Output-111819772", this, "Show output", "Hide output");'>Show output</a>

<a href="#Output-111819772" onClick="toggleAllBoxes();">Show all outputs</a>
<div class='log' id="Output-111819772">
admin7   ------->     adminoo7<br/>
</div>
</td>
<td></td>
<td>0</td>
<td>com.practiceTest.GetArrayMultipledataRuninTestNgTest@107ed6fc</td></tr>
<tr>
<td title='com.practiceTest.GetArrayMultipledataRuninTestNgTest.practiceTNGTest()'><b>practiceTNGTest</b><br>Test class: com.practiceTest.GetArrayMultipledataRuninTestNgTest<br>Parameters: admin8, adminoo8<br/>
<a href="#Output-1850055104" onClick='toggleBox("Output-1850055104", this, "Show output", "Hide output");'>Show output</a>

<a href="#Output-1850055104" onClick="toggleAllBoxes();">Show all outputs</a>
<div class='log' id="Output-1850055104">
admin8   ------->     adminoo8<br/>
</div>
</td>
<td></td>
<td>0</td>
<td>com.practiceTest.GetArrayMultipledataRuninTestNgTest@107ed6fc</td></tr>
<tr>
<td title='com.practiceTest.GetArrayMultipledataRuninTestNgTest.practiceTNGTest()'><b>practiceTNGTest</b><br>Test class: com.practiceTest.GetArrayMultipledataRuninTestNgTest<br>Parameters: admin9, adminoo9<br/>
<a href="#Output-727469847" onClick='toggleBox("Output-727469847", this, "Show output", "Hide output");'>Show output</a>

<a href="#Output-727469847" onClick="toggleAllBoxes();">Show all outputs</a>
<div class='log' id="Output-727469847">
admin9   ------->     adminoo9<br/>
</div>
</td>
<td></td>
<td>0</td>
<td>com.practiceTest.GetArrayMultipledataRuninTestNgTest@107ed6fc</td></tr>
<tr>
<td title='com.practiceTest.GetArrayMultipledataRuninTestNgTest.practiceTNGTest()'><b>practiceTNGTest</b><br>Test class: com.practiceTest.GetArrayMultipledataRuninTestNgTest<br>Parameters: admin10, adminoo10<br/>
<a href="#Output-1823014131" onClick='toggleBox("Output-1823014131", this, "Show output", "Hide output");'>Show output</a>

<a href="#Output-1823014131" onClick="toggleAllBoxes();">Show all outputs</a>
<div class='log' id="Output-1823014131">
admin10   ------->     adminoo10<br/>
</div>
</td>
<td></td>
<td>0</td>
<td>com.practiceTest.GetArrayMultipledataRuninTestNgTest@107ed6fc</td></tr>
<tr>
<td title='com.practiceTest.GetArrayMultipledataRuninTestNgTest.practiceTNGTest()'><b>practiceTNGTest</b><br>Test class: com.practiceTest.GetArrayMultipledataRuninTestNgTest<br>Parameters: admin11, adminoo11<br/>
<a href="#Output-1777381620" onClick='toggleBox("Output-1777381620", this, "Show output", "Hide output");'>Show output</a>

<a href="#Output-1777381620" onClick="toggleAllBoxes();">Show all outputs</a>
<div class='log' id="Output-1777381620">
admin11   ------->     adminoo11<br/>
</div>
</td>
<td></td>
<td>0</td>
<td>com.practiceTest.GetArrayMultipledataRuninTestNgTest@107ed6fc</td></tr>
<tr>
<td title='com.practiceTest.GetArrayMultipledataRuninTestNgTest.practiceTNGTest()'><b>practiceTNGTest</b><br>Test class: com.practiceTest.GetArrayMultipledataRuninTestNgTest<br>Parameters: admin12, adminoo12<br/>
<a href="#Output-796851467" onClick='toggleBox("Output-796851467", this, "Show output", "Hide output");'>Show output</a>

<a href="#Output-796851467" onClick="toggleAllBoxes();">Show all outputs</a>
<div class='log' id="Output-796851467">
admin12   ------->     adminoo12<br/>
</div>
</td>
<td></td>
<td>0</td>
<td>com.practiceTest.GetArrayMultipledataRuninTestNgTest@107ed6fc</td></tr>
<tr>
<td title='com.practiceTest.GetArrayMultipledataRuninTestNgTest.practiceTNGTest()'><b>practiceTNGTest</b><br>Test class: com.practiceTest.GetArrayMultipledataRuninTestNgTest<br>Parameters: admin13, adminoo13<br/>
<a href="#Output-1250956357" onClick='toggleBox("Output-1250956357", this, "Show output", "Hide output");'>Show output</a>

<a href="#Output-1250956357" onClick="toggleAllBoxes();">Show all outputs</a>
<div class='log' id="Output-1250956357">
admin13   ------->     adminoo13<br/>
</div>
</td>
<td></td>
<td>0</td>
<td>com.practiceTest.GetArrayMultipledataRuninTestNgTest@107ed6fc</td></tr>
<tr>
<td title='com.practiceTest.GetArrayMultipledataRuninTestNgTest.practiceTNGTest()'><b>practiceTNGTest</b><br>Test class: com.practiceTest.GetArrayMultipledataRuninTestNgTest<br>Parameters: admin14, adminoo14<br/>
<a href="#Output-1744273262" onClick='toggleBox("Output-1744273262", this, "Show output", "Hide output");'>Show output</a>

<a href="#Output-1744273262" onClick="toggleAllBoxes();">Show all outputs</a>
<div class='log' id="Output-1744273262">
admin14   ------->     adminoo14<br/>
</div>
</td>
<td></td>
<td>0</td>
<td>com.practiceTest.GetArrayMultipledataRuninTestNgTest@107ed6fc</td></tr>
<tr>
<td title='com.practiceTest.GetArrayMultipledataRuninTestNgTest.practiceTNGTest()'><b>practiceTNGTest</b><br>Test class: com.practiceTest.GetArrayMultipledataRuninTestNgTest<br>Parameters: admin15, adminoo15<br/>
<a href="#Output-722173530" onClick='toggleBox("Output-722173530", this, "Show output", "Hide output");'>Show output</a>

<a href="#Output-722173530" onClick="toggleAllBoxes();">Show all outputs</a>
<div class='log' id="Output-722173530">
admin15   ------->     adminoo15<br/>
</div>
</td>
<td></td>
<td>0</td>
<td>com.practiceTest.GetArrayMultipledataRuninTestNgTest@107ed6fc</td></tr>
<tr>
<td title='com.practiceTest.GetArrayMultipledataRuninTestNgTest.practiceTNGTest()'><b>practiceTNGTest</b><br>Test class: com.practiceTest.GetArrayMultipledataRuninTestNgTest<br>Parameters: admin16, adminoo16<br/>
<a href="#Output-823775087" onClick='toggleBox("Output-823775087", this, "Show output", "Hide output");'>Show output</a>

<a href="#Output-823775087" onClick="toggleAllBoxes();">Show all outputs</a>
<div class='log' id="Output-823775087">
admin16   ------->     adminoo16<br/>
</div>
</td>
<td></td>
<td>0</td>
<td>com.practiceTest.GetArrayMultipledataRuninTestNgTest@107ed6fc</td></tr>
<tr>
<td title='com.practiceTest.GetArrayMultipledataRuninTestNgTest.practiceTNGTest()'><b>practiceTNGTest</b><br>Test class: com.practiceTest.GetArrayMultipledataRuninTestNgTest<br>Parameters: admin17, adminoo17<br/>
<a href="#Output-1841945133" onClick='toggleBox("Output-1841945133", this, "Show output", "Hide output");'>Show output</a>

<a href="#Output-1841945133" onClick="toggleAllBoxes();">Show all outputs</a>
<div class='log' id="Output-1841945133">
admin17   ------->     adminoo17<br/>
</div>
</td>
<td></td>
<td>0</td>
<td>com.practiceTest.GetArrayMultipledataRuninTestNgTest@107ed6fc</td></tr>
<tr>
<td title='com.practiceTest.GetArrayMultipledataRuninTestNgTest.practiceTNGTest()'><b>practiceTNGTest</b><br>Test class: com.practiceTest.GetArrayMultipledataRuninTestNgTest<br>Parameters: admin18, adminoo18<br/>
<a href="#Output-490766432" onClick='toggleBox("Output-490766432", this, "Show output", "Hide output");'>Show output</a>

<a href="#Output-490766432" onClick="toggleAllBoxes();">Show all outputs</a>
<div class='log' id="Output-490766432">
admin18   ------->     adminoo18<br/>
</div>
</td>
<td></td>
<td>0</td>
<td>com.practiceTest.GetArrayMultipledataRuninTestNgTest@107ed6fc</td></tr>
<tr>
<td title='com.practiceTest.GetArrayMultipledataRuninTestNgTest.practiceTNGTest()'><b>practiceTNGTest</b><br>Test class: com.practiceTest.GetArrayMultipledataRuninTestNgTest<br>Parameters: admin19, adminoo19<br/>
<a href="#Output-1755811644" onClick='toggleBox("Output-1755811644", this, "Show output", "Hide output");'>Show output</a>

<a href="#Output-1755811644" onClick="toggleAllBoxes();">Show all outputs</a>
<div class='log' id="Output-1755811644">
admin19   ------->     adminoo19<br/>
</div>
</td>
<td></td>
<td>0</td>
<td>com.practiceTest.GetArrayMultipledataRuninTestNgTest@107ed6fc</td></tr>
<tr>
<td title='com.practiceTest.GetArrayMultipledataRuninTestNgTest.practiceTNGTest()'><b>practiceTNGTest</b><br>Test class: com.practiceTest.GetArrayMultipledataRuninTestNgTest<br>Parameters: admin20, adminoo20<br/>
<a href="#Output-398088176" onClick='toggleBox("Output-398088176", this, "Show output", "Hide output");'>Show output</a>

<a href="#Output-398088176" onClick="toggleAllBoxes();">Show all outputs</a>
<div class='log' id="Output-398088176">
admin20   ------->     adminoo20<br/>
</div>
</td>
<td></td>
<td>0</td>
<td>com.practiceTest.GetArrayMultipledataRuninTestNgTest@107ed6fc</td></tr>
<tr>
<td title='com.practiceTest.GetArrayMultipledataRuninTestNgTest.practiceTNGTest()'><b>practiceTNGTest</b><br>Test class: com.practiceTest.GetArrayMultipledataRuninTestNgTest<br>Parameters: admin21, adminoo21<br/>
<a href="#Output-880934808" onClick='toggleBox("Output-880934808", this, "Show output", "Hide output");'>Show output</a>

<a href="#Output-880934808" onClick="toggleAllBoxes();">Show all outputs</a>
<div class='log' id="Output-880934808">
admin21   ------->     adminoo21<br/>
</div>
</td>
<td></td>
<td>0</td>
<td>com.practiceTest.GetArrayMultipledataRuninTestNgTest@107ed6fc</td></tr>
<tr>
<td title='com.practiceTest.PracticeTestng2Test.test1Test()'><b>test1Test</b><br>Test class: com.practiceTest.PracticeTestng2Test<br/>
<a href="#Output-817460653" onClick='toggleBox("Output-817460653", this, "Show output", "Hide output");'>Show output</a>

<a href="#Output-817460653" onClick="toggleAllBoxes();">Show all outputs</a>
<div class='log' id="Output-817460653">
hi<br/>
</div>
</td>
<td></td>
<td>0</td>
<td>com.practiceTest.PracticeTestng2Test@6d0b5baf</td></tr>
<tr>
<td title='com.practiceTest.PracticeTestNgTest.test1Test()'><b>test1Test</b><br>Test class: com.practiceTest.PracticeTestNgTest<br/>
<a href="#Output-1986677191" onClick='toggleBox("Output-1986677191", this, "Show output", "Hide output");'>Show output</a>

<a href="#Output-1986677191" onClick="toggleAllBoxes();">Show all outputs</a>
<div class='log' id="Output-1986677191">
hi<br/>
</div>
</td>
<td></td>
<td>0</td>
<td>com.practiceTest.PracticeTestNgTest@1643d68f</td></tr>
<tr>
<td title='com.practiceTest.PracticeTestng2Test.test2Test()'><b>test2Test</b><br>Test class: com.practiceTest.PracticeTestng2Test<br/>
<a href="#Output-1015367506" onClick='toggleBox("Output-1015367506", this, "Show output", "Hide output");'>Show output</a>

<a href="#Output-1015367506" onClick="toggleAllBoxes();">Show all outputs</a>
<div class='log' id="Output-1015367506">
hello<br/>
</div>
</td>
<td></td>
<td>0</td>
<td>com.practiceTest.PracticeTestng2Test@6d0b5baf</td></tr>
<tr>
<td title='com.practiceTest.PracticeTestNgTest.test2Test()'><b>test2Test</b><br>Test class: com.practiceTest.PracticeTestNgTest<br/>
<a href="#Output-1330415865" onClick='toggleBox("Output-1330415865", this, "Show output", "Hide output");'>Show output</a>

<a href="#Output-1330415865" onClick="toggleAllBoxes();">Show all outputs</a>
<div class='log' id="Output-1330415865">
hello<br/>
</div>
</td>
<td></td>
<td>0</td>
<td>com.practiceTest.PracticeTestNgTest@1643d68f</td></tr>
<tr>
<td title='com.practiceTest.PracticeTestng2Test.test3Test()'><b>test3Test</b><br>Test class: com.practiceTest.PracticeTestng2Test<br/>
<a href="#Output-1005344801" onClick='toggleBox("Output-1005344801", this, "Show output", "Hide output");'>Show output</a>

<a href="#Output-1005344801" onClick="toggleAllBoxes();">Show all outputs</a>
<div class='log' id="Output-1005344801">
bye<br/>
</div>
</td>
<td></td>
<td>0</td>
<td>com.practiceTest.PracticeTestng2Test@6d0b5baf</td></tr>
<tr>
<td title='com.practiceTest.PracticeTestNgTest.test3Test()'><b>test3Test</b><br>Test class: com.practiceTest.PracticeTestNgTest<br/>
<a href="#Output-710144533" onClick='toggleBox("Output-710144533", this, "Show output", "Hide output");'>Show output</a>

<a href="#Output-710144533" onClick="toggleAllBoxes();">Show all outputs</a>
<div class='log' id="Output-710144533">
bye<br/>
</div>
</td>
<td></td>
<td>0</td>
<td>com.practiceTest.PracticeTestNgTest@1643d68f</td></tr>
</table><p>
<table width='100%' border='1' class='invocation-skipped'>
<tr><td colspan='4' align='center'><b>SKIPPED TESTS</b></td></tr>
<tr><td><b>Test method</b></td>
<td width="30%"><b>Exception</b></td>
<td width="10%"><b>Time (seconds)</b></td>
<td><b>Instance</b></td>
</tr>
<tr>
<td title='com.vtiger.createCampaigns.CreateCampaignWithProductTest.createCampaignwithProductTest()'><b>createCampaignwithProductTest</b><br>Test class: com.vtiger.createCampaigns.CreateCampaignWithProductTest</td>
<td><div><pre>org.testng.TestNGException: 
Parameter &apos;browser&apos; is required by BeforeClass on method beforClass but has not been marked @Optional or defined

... Removed 27 stack frames</pre></div><a href='#' onClick='toggleBox("stack-trace1476116591", this, "Click to show all stack frames", "Click to hide stack frames")'>Click to show all stack frames</a>
<div class='stack-trace' id='stack-trace1476116591'><pre>org.testng.TestNGException: 
Parameter &apos;browser&apos; is required by BeforeClass on method beforClass but has not been marked @Optional or defined

	at org.testng.internal.Parameters.createParams(Parameters.java:290)
	at org.testng.internal.Parameters.createParametersForMethod(Parameters.java:359)
	at org.testng.internal.Parameters.createParameters(Parameters.java:620)
	at org.testng.internal.Parameters.createConfigurationParameters(Parameters.java:190)
	at org.testng.internal.Invoker.invokeConfigurations(Invoker.java:209)
	at org.testng.internal.Invoker.invokeConfigurations(Invoker.java:142)
	at org.testng.internal.TestMethodWorker.invokeBeforeClassMethods(TestMethodWorker.java:168)
	at org.testng.internal.TestMethodWorker.run(TestMethodWorker.java:105)
	at org.testng.TestRunner.privateRun(TestRunner.java:648)
	at org.testng.TestRunner.run(TestRunner.java:505)
	at org.testng.SuiteRunner.runTest(SuiteRunner.java:455)
	at org.testng.SuiteRunner.runSequentially(SuiteRunner.java:450)
	at org.testng.SuiteRunner.privateRun(SuiteRunner.java:415)
	at org.testng.SuiteRunner.run(SuiteRunner.java:364)
	at org.testng.SuiteRunnerWorker.runSuite(SuiteRunnerWorker.java:52)
	at org.testng.SuiteRunnerWorker.run(SuiteRunnerWorker.java:84)
	at org.testng.TestNG.runSuitesSequentially(TestNG.java:1208)
	at org.testng.TestNG.runSuitesLocally(TestNG.java:1137)
	at org.testng.TestNG.runSuites(TestNG.java:1049)
	at org.testng.TestNG.run(TestNG.java:1017)
	at org.apache.maven.surefire.testng.TestNGExecutor.run(TestNGExecutor.java:135)
	at org.apache.maven.surefire.testng.TestNGDirectoryTestSuite.executeMulti(TestNGDirectoryTestSuite.java:193)
	at org.apache.maven.surefire.testng.TestNGDirectoryTestSuite.execute(TestNGDirectoryTestSuite.java:94)
	at org.apache.maven.surefire.testng.TestNGProvider.invoke(TestNGProvider.java:146)
	at org.apache.maven.surefire.booter.ForkedBooter.invokeProviderInSameClassLoader(ForkedBooter.java:386)
	at org.apache.maven.surefire.booter.ForkedBooter.runSuitesInProcess(ForkedBooter.java:323)
	at org.apache.maven.surefire.booter.ForkedBooter.main(ForkedBooter.java:143)
</pre></div></td>
<td>0</td>
<td>com.vtiger.createCampaigns.CreateCampaignWithProductTest@482d776b</td></tr>
<tr>
<td title='com.vtiger.createCampaigns.CreateContactTest.createContactPomTest()'><b>createContactPomTest</b><br>Test class: com.vtiger.createCampaigns.CreateContactTest</td>
<td><div><pre>org.testng.TestNGException: 
Parameter &apos;browser&apos; is required by BeforeClass on method beforClass but has not been marked @Optional or defined

... Removed 27 stack frames</pre></div><a href='#' onClick='toggleBox("stack-trace182926464", this, "Click to show all stack frames", "Click to hide stack frames")'>Click to show all stack frames</a>
<div class='stack-trace' id='stack-trace182926464'><pre>org.testng.TestNGException: 
Parameter &apos;browser&apos; is required by BeforeClass on method beforClass but has not been marked @Optional or defined

	at org.testng.internal.Parameters.createParams(Parameters.java:290)
	at org.testng.internal.Parameters.createParametersForMethod(Parameters.java:359)
	at org.testng.internal.Parameters.createParameters(Parameters.java:620)
	at org.testng.internal.Parameters.createConfigurationParameters(Parameters.java:190)
	at org.testng.internal.Invoker.invokeConfigurations(Invoker.java:209)
	at org.testng.internal.Invoker.invokeConfigurations(Invoker.java:142)
	at org.testng.internal.TestMethodWorker.invokeBeforeClassMethods(TestMethodWorker.java:168)
	at org.testng.internal.TestMethodWorker.run(TestMethodWorker.java:105)
	at org.testng.TestRunner.privateRun(TestRunner.java:648)
	at org.testng.TestRunner.run(TestRunner.java:505)
	at org.testng.SuiteRunner.runTest(SuiteRunner.java:455)
	at org.testng.SuiteRunner.runSequentially(SuiteRunner.java:450)
	at org.testng.SuiteRunner.privateRun(SuiteRunner.java:415)
	at org.testng.SuiteRunner.run(SuiteRunner.java:364)
	at org.testng.SuiteRunnerWorker.runSuite(SuiteRunnerWorker.java:52)
	at org.testng.SuiteRunnerWorker.run(SuiteRunnerWorker.java:84)
	at org.testng.TestNG.runSuitesSequentially(TestNG.java:1208)
	at org.testng.TestNG.runSuitesLocally(TestNG.java:1137)
	at org.testng.TestNG.runSuites(TestNG.java:1049)
	at org.testng.TestNG.run(TestNG.java:1017)
	at org.apache.maven.surefire.testng.TestNGExecutor.run(TestNGExecutor.java:135)
	at org.apache.maven.surefire.testng.TestNGDirectoryTestSuite.executeMulti(TestNGDirectoryTestSuite.java:193)
	at org.apache.maven.surefire.testng.TestNGDirectoryTestSuite.execute(TestNGDirectoryTestSuite.java:94)
	at org.apache.maven.surefire.testng.TestNGProvider.invoke(TestNGProvider.java:146)
	at org.apache.maven.surefire.booter.ForkedBooter.invokeProviderInSameClassLoader(ForkedBooter.java:386)
	at org.apache.maven.surefire.booter.ForkedBooter.runSuitesInProcess(ForkedBooter.java:323)
	at org.apache.maven.surefire.booter.ForkedBooter.main(ForkedBooter.java:143)
</pre></div></td>
<td>0</td>
<td>com.vtiger.createCampaigns.CreateContactTest@4052274f</td></tr>
<tr>
<td title='com.PracticeOld.CreateContactTestPropTest.createContactTestPropTest()'><b>createContactTestPropTest</b><br>Test class: com.PracticeOld.CreateContactTestPropTest</td>
<td><div><pre>org.testng.TestNGException: 
Parameter &apos;browser&apos; is required by BeforeClass on method beforClass but has not been marked @Optional or defined

... Removed 27 stack frames</pre></div><a href='#' onClick='toggleBox("stack-trace822799883", this, "Click to show all stack frames", "Click to hide stack frames")'>Click to show all stack frames</a>
<div class='stack-trace' id='stack-trace822799883'><pre>org.testng.TestNGException: 
Parameter &apos;browser&apos; is required by BeforeClass on method beforClass but has not been marked @Optional or defined

	at org.testng.internal.Parameters.createParams(Parameters.java:290)
	at org.testng.internal.Parameters.createParametersForMethod(Parameters.java:359)
	at org.testng.internal.Parameters.createParameters(Parameters.java:620)
	at org.testng.internal.Parameters.createConfigurationParameters(Parameters.java:190)
	at org.testng.internal.Invoker.invokeConfigurations(Invoker.java:209)
	at org.testng.internal.Invoker.invokeConfigurations(Invoker.java:142)
	at org.testng.internal.TestMethodWorker.invokeBeforeClassMethods(TestMethodWorker.java:168)
	at org.testng.internal.TestMethodWorker.run(TestMethodWorker.java:105)
	at org.testng.TestRunner.privateRun(TestRunner.java:648)
	at org.testng.TestRunner.run(TestRunner.java:505)
	at org.testng.SuiteRunner.runTest(SuiteRunner.java:455)
	at org.testng.SuiteRunner.runSequentially(SuiteRunner.java:450)
	at org.testng.SuiteRunner.privateRun(SuiteRunner.java:415)
	at org.testng.SuiteRunner.run(SuiteRunner.java:364)
	at org.testng.SuiteRunnerWorker.runSuite(SuiteRunnerWorker.java:52)
	at org.testng.SuiteRunnerWorker.run(SuiteRunnerWorker.java:84)
	at org.testng.TestNG.runSuitesSequentially(TestNG.java:1208)
	at org.testng.TestNG.runSuitesLocally(TestNG.java:1137)
	at org.testng.TestNG.runSuites(TestNG.java:1049)
	at org.testng.TestNG.run(TestNG.java:1017)
	at org.apache.maven.surefire.testng.TestNGExecutor.run(TestNGExecutor.java:135)
	at org.apache.maven.surefire.testng.TestNGDirectoryTestSuite.executeMulti(TestNGDirectoryTestSuite.java:193)
	at org.apache.maven.surefire.testng.TestNGDirectoryTestSuite.execute(TestNGDirectoryTestSuite.java:94)
	at org.apache.maven.surefire.testng.TestNGProvider.invoke(TestNGProvider.java:146)
	at org.apache.maven.surefire.booter.ForkedBooter.invokeProviderInSameClassLoader(ForkedBooter.java:386)
	at org.apache.maven.surefire.booter.ForkedBooter.runSuitesInProcess(ForkedBooter.java:323)
	at org.apache.maven.surefire.booter.ForkedBooter.main(ForkedBooter.java:143)
</pre></div></td>
<td>0</td>
<td>com.PracticeOld.CreateContactTestPropTest@631e06ab</td></tr>
<tr>
<td title='com.vtiger.contact.CreateContactsWithOrgaNameTest.createContactsWithOrgaNameTest()'><b>createContactsWithOrgaNameTest</b><br>Test class: com.vtiger.contact.CreateContactsWithOrgaNameTest</td>
<td><div><pre>org.testng.TestNGException: 
Parameter &apos;browser&apos; is required by BeforeClass on method beforClass but has not been marked @Optional or defined

... Removed 27 stack frames</pre></div><a href='#' onClick='toggleBox("stack-trace1339052072", this, "Click to show all stack frames", "Click to hide stack frames")'>Click to show all stack frames</a>
<div class='stack-trace' id='stack-trace1339052072'><pre>org.testng.TestNGException: 
Parameter &apos;browser&apos; is required by BeforeClass on method beforClass but has not been marked @Optional or defined

	at org.testng.internal.Parameters.createParams(Parameters.java:290)
	at org.testng.internal.Parameters.createParametersForMethod(Parameters.java:359)
	at org.testng.internal.Parameters.createParameters(Parameters.java:620)
	at org.testng.internal.Parameters.createConfigurationParameters(Parameters.java:190)
	at org.testng.internal.Invoker.invokeConfigurations(Invoker.java:209)
	at org.testng.internal.Invoker.invokeConfigurations(Invoker.java:142)
	at org.testng.internal.TestMethodWorker.invokeBeforeClassMethods(TestMethodWorker.java:168)
	at org.testng.internal.TestMethodWorker.run(TestMethodWorker.java:105)
	at org.testng.TestRunner.privateRun(TestRunner.java:648)
	at org.testng.TestRunner.run(TestRunner.java:505)
	at org.testng.SuiteRunner.runTest(SuiteRunner.java:455)
	at org.testng.SuiteRunner.runSequentially(SuiteRunner.java:450)
	at org.testng.SuiteRunner.privateRun(SuiteRunner.java:415)
	at org.testng.SuiteRunner.run(SuiteRunner.java:364)
	at org.testng.SuiteRunnerWorker.runSuite(SuiteRunnerWorker.java:52)
	at org.testng.SuiteRunnerWorker.run(SuiteRunnerWorker.java:84)
	at org.testng.TestNG.runSuitesSequentially(TestNG.java:1208)
	at org.testng.TestNG.runSuitesLocally(TestNG.java:1137)
	at org.testng.TestNG.runSuites(TestNG.java:1049)
	at org.testng.TestNG.run(TestNG.java:1017)
	at org.apache.maven.surefire.testng.TestNGExecutor.run(TestNGExecutor.java:135)
	at org.apache.maven.surefire.testng.TestNGDirectoryTestSuite.executeMulti(TestNGDirectoryTestSuite.java:193)
	at org.apache.maven.surefire.testng.TestNGDirectoryTestSuite.execute(TestNGDirectoryTestSuite.java:94)
	at org.apache.maven.surefire.testng.TestNGProvider.invoke(TestNGProvider.java:146)
	at org.apache.maven.surefire.booter.ForkedBooter.invokeProviderInSameClassLoader(ForkedBooter.java:386)
	at org.apache.maven.surefire.booter.ForkedBooter.runSuitesInProcess(ForkedBooter.java:323)
	at org.apache.maven.surefire.booter.ForkedBooter.main(ForkedBooter.java:143)
</pre></div></td>
<td>0</td>
<td>com.vtiger.contact.CreateContactsWithOrgaNameTest@186978a6</td></tr>
<tr>
<td title='com.vtiger.contact.CreateContacttTest.createContacttTest()'><b>createContacttTest</b><br>Test class: com.vtiger.contact.CreateContacttTest</td>
<td><div><pre>org.testng.TestNGException: 
Parameter &apos;browser&apos; is required by BeforeClass on method beforClass but has not been marked @Optional or defined

... Removed 27 stack frames</pre></div><a href='#' onClick='toggleBox("stack-trace1917555614", this, "Click to show all stack frames", "Click to hide stack frames")'>Click to show all stack frames</a>
<div class='stack-trace' id='stack-trace1917555614'><pre>org.testng.TestNGException: 
Parameter &apos;browser&apos; is required by BeforeClass on method beforClass but has not been marked @Optional or defined

	at org.testng.internal.Parameters.createParams(Parameters.java:290)
	at org.testng.internal.Parameters.createParametersForMethod(Parameters.java:359)
	at org.testng.internal.Parameters.createParameters(Parameters.java:620)
	at org.testng.internal.Parameters.createConfigurationParameters(Parameters.java:190)
	at org.testng.internal.Invoker.invokeConfigurations(Invoker.java:209)
	at org.testng.internal.Invoker.invokeConfigurations(Invoker.java:142)
	at org.testng.internal.TestMethodWorker.invokeBeforeClassMethods(TestMethodWorker.java:168)
	at org.testng.internal.TestMethodWorker.run(TestMethodWorker.java:105)
	at org.testng.TestRunner.privateRun(TestRunner.java:648)
	at org.testng.TestRunner.run(TestRunner.java:505)
	at org.testng.SuiteRunner.runTest(SuiteRunner.java:455)
	at org.testng.SuiteRunner.runSequentially(SuiteRunner.java:450)
	at org.testng.SuiteRunner.privateRun(SuiteRunner.java:415)
	at org.testng.SuiteRunner.run(SuiteRunner.java:364)
	at org.testng.SuiteRunnerWorker.runSuite(SuiteRunnerWorker.java:52)
	at org.testng.SuiteRunnerWorker.run(SuiteRunnerWorker.java:84)
	at org.testng.TestNG.runSuitesSequentially(TestNG.java:1208)
	at org.testng.TestNG.runSuitesLocally(TestNG.java:1137)
	at org.testng.TestNG.runSuites(TestNG.java:1049)
	at org.testng.TestNG.run(TestNG.java:1017)
	at org.apache.maven.surefire.testng.TestNGExecutor.run(TestNGExecutor.java:135)
	at org.apache.maven.surefire.testng.TestNGDirectoryTestSuite.executeMulti(TestNGDirectoryTestSuite.java:193)
	at org.apache.maven.surefire.testng.TestNGDirectoryTestSuite.execute(TestNGDirectoryTestSuite.java:94)
	at org.apache.maven.surefire.testng.TestNGProvider.invoke(TestNGProvider.java:146)
	at org.apache.maven.surefire.booter.ForkedBooter.invokeProviderInSameClassLoader(ForkedBooter.java:386)
	at org.apache.maven.surefire.booter.ForkedBooter.runSuitesInProcess(ForkedBooter.java:323)
	at org.apache.maven.surefire.booter.ForkedBooter.main(ForkedBooter.java:143)
</pre></div></td>
<td>0</td>
<td>com.vtiger.contact.CreateContacttTest@2e029d61</td></tr>
<tr>
<td title='com.vtiger.Organization.CreateOrgWithTest.createOrgWithDdTest()'><b>createOrgWithDdTest</b><br>Test class: com.vtiger.Organization.CreateOrgWithTest</td>
<td><div><pre>org.testng.TestNGException: 
Parameter &apos;browser&apos; is required by BeforeClass on method beforClass but has not been marked @Optional or defined

... Removed 27 stack frames</pre></div><a href='#' onClick='toggleBox("stack-trace1562251195", this, "Click to show all stack frames", "Click to hide stack frames")'>Click to show all stack frames</a>
<div class='stack-trace' id='stack-trace1562251195'><pre>org.testng.TestNGException: 
Parameter &apos;browser&apos; is required by BeforeClass on method beforClass but has not been marked @Optional or defined

	at org.testng.internal.Parameters.createParams(Parameters.java:290)
	at org.testng.internal.Parameters.createParametersForMethod(Parameters.java:359)
	at org.testng.internal.Parameters.createParameters(Parameters.java:620)
	at org.testng.internal.Parameters.createConfigurationParameters(Parameters.java:190)
	at org.testng.internal.Invoker.invokeConfigurations(Invoker.java:209)
	at org.testng.internal.Invoker.invokeConfigurations(Invoker.java:142)
	at org.testng.internal.TestMethodWorker.invokeBeforeClassMethods(TestMethodWorker.java:168)
	at org.testng.internal.TestMethodWorker.run(TestMethodWorker.java:105)
	at org.testng.TestRunner.privateRun(TestRunner.java:648)
	at org.testng.TestRunner.run(TestRunner.java:505)
	at org.testng.SuiteRunner.runTest(SuiteRunner.java:455)
	at org.testng.SuiteRunner.runSequentially(SuiteRunner.java:450)
	at org.testng.SuiteRunner.privateRun(SuiteRunner.java:415)
	at org.testng.SuiteRunner.run(SuiteRunner.java:364)
	at org.testng.SuiteRunnerWorker.runSuite(SuiteRunnerWorker.java:52)
	at org.testng.SuiteRunnerWorker.run(SuiteRunnerWorker.java:84)
	at org.testng.TestNG.runSuitesSequentially(TestNG.java:1208)
	at org.testng.TestNG.runSuitesLocally(TestNG.java:1137)
	at org.testng.TestNG.runSuites(TestNG.java:1049)
	at org.testng.TestNG.run(TestNG.java:1017)
	at org.apache.maven.surefire.testng.TestNGExecutor.run(TestNGExecutor.java:135)
	at org.apache.maven.surefire.testng.TestNGDirectoryTestSuite.executeMulti(TestNGDirectoryTestSuite.java:193)
	at org.apache.maven.surefire.testng.TestNGDirectoryTestSuite.execute(TestNGDirectoryTestSuite.java:94)
	at org.apache.maven.surefire.testng.TestNGProvider.invoke(TestNGProvider.java:146)
	at org.apache.maven.surefire.booter.ForkedBooter.invokeProviderInSameClassLoader(ForkedBooter.java:386)
	at org.apache.maven.surefire.booter.ForkedBooter.runSuitesInProcess(ForkedBooter.java:323)
	at org.apache.maven.surefire.booter.ForkedBooter.main(ForkedBooter.java:143)
</pre></div></td>
<td>0</td>
<td>com.vtiger.Organization.CreateOrgWithTest@5bf22f18</td></tr>
<tr>
<td title='com.vtiger.Organization.CreateOrganizationTest.createOrganizationTest()'><b>createOrganizationTest</b><br>Test class: com.vtiger.Organization.CreateOrganizationTest</td>
<td><div><pre>org.testng.TestNGException: 
Parameter &apos;browser&apos; is required by BeforeClass on method beforClass but has not been marked @Optional or defined

... Removed 27 stack frames</pre></div><a href='#' onClick='toggleBox("stack-trace455996330", this, "Click to show all stack frames", "Click to hide stack frames")'>Click to show all stack frames</a>
<div class='stack-trace' id='stack-trace455996330'><pre>org.testng.TestNGException: 
Parameter &apos;browser&apos; is required by BeforeClass on method beforClass but has not been marked @Optional or defined

	at org.testng.internal.Parameters.createParams(Parameters.java:290)
	at org.testng.internal.Parameters.createParametersForMethod(Parameters.java:359)
	at org.testng.internal.Parameters.createParameters(Parameters.java:620)
	at org.testng.internal.Parameters.createConfigurationParameters(Parameters.java:190)
	at org.testng.internal.Invoker.invokeConfigurations(Invoker.java:209)
	at org.testng.internal.Invoker.invokeConfigurations(Invoker.java:142)
	at org.testng.internal.TestMethodWorker.invokeBeforeClassMethods(TestMethodWorker.java:168)
	at org.testng.internal.TestMethodWorker.run(TestMethodWorker.java:105)
	at org.testng.TestRunner.privateRun(TestRunner.java:648)
	at org.testng.TestRunner.run(TestRunner.java:505)
	at org.testng.SuiteRunner.runTest(SuiteRunner.java:455)
	at org.testng.SuiteRunner.runSequentially(SuiteRunner.java:450)
	at org.testng.SuiteRunner.privateRun(SuiteRunner.java:415)
	at org.testng.SuiteRunner.run(SuiteRunner.java:364)
	at org.testng.SuiteRunnerWorker.runSuite(SuiteRunnerWorker.java:52)
	at org.testng.SuiteRunnerWorker.run(SuiteRunnerWorker.java:84)
	at org.testng.TestNG.runSuitesSequentially(TestNG.java:1208)
	at org.testng.TestNG.runSuitesLocally(TestNG.java:1137)
	at org.testng.TestNG.runSuites(TestNG.java:1049)
	at org.testng.TestNG.run(TestNG.java:1017)
	at org.apache.maven.surefire.testng.TestNGExecutor.run(TestNGExecutor.java:135)
	at org.apache.maven.surefire.testng.TestNGDirectoryTestSuite.executeMulti(TestNGDirectoryTestSuite.java:193)
	at org.apache.maven.surefire.testng.TestNGDirectoryTestSuite.execute(TestNGDirectoryTestSuite.java:94)
	at org.apache.maven.surefire.testng.TestNGProvider.invoke(TestNGProvider.java:146)
	at org.apache.maven.surefire.booter.ForkedBooter.invokeProviderInSameClassLoader(ForkedBooter.java:386)
	at org.apache.maven.surefire.booter.ForkedBooter.runSuitesInProcess(ForkedBooter.java:323)
	at org.apache.maven.surefire.booter.ForkedBooter.main(ForkedBooter.java:143)
</pre></div></td>
<td>0</td>
<td>com.vtiger.Organization.CreateOrganizationTest@acb0951</td></tr>
<tr>
<td title='com.vtiger.createProduct.CreateProductTest.createProductPropTest()'><b>createProductPropTest</b><br>Test class: com.vtiger.createProduct.CreateProductTest</td>
<td><div><pre>org.testng.TestNGException: 
Parameter &apos;browser&apos; is required by BeforeClass on method beforClass but has not been marked @Optional or defined

... Removed 27 stack frames</pre></div><a href='#' onClick='toggleBox("stack-trace390138887", this, "Click to show all stack frames", "Click to hide stack frames")'>Click to show all stack frames</a>
<div class='stack-trace' id='stack-trace390138887'><pre>org.testng.TestNGException: 
Parameter &apos;browser&apos; is required by BeforeClass on method beforClass but has not been marked @Optional or defined

	at org.testng.internal.Parameters.createParams(Parameters.java:290)
	at org.testng.internal.Parameters.createParametersForMethod(Parameters.java:359)
	at org.testng.internal.Parameters.createParameters(Parameters.java:620)
	at org.testng.internal.Parameters.createConfigurationParameters(Parameters.java:190)
	at org.testng.internal.Invoker.invokeConfigurations(Invoker.java:209)
	at org.testng.internal.Invoker.invokeConfigurations(Invoker.java:142)
	at org.testng.internal.TestMethodWorker.invokeBeforeClassMethods(TestMethodWorker.java:168)
	at org.testng.internal.TestMethodWorker.run(TestMethodWorker.java:105)
	at org.testng.TestRunner.privateRun(TestRunner.java:648)
	at org.testng.TestRunner.run(TestRunner.java:505)
	at org.testng.SuiteRunner.runTest(SuiteRunner.java:455)
	at org.testng.SuiteRunner.runSequentially(SuiteRunner.java:450)
	at org.testng.SuiteRunner.privateRun(SuiteRunner.java:415)
	at org.testng.SuiteRunner.run(SuiteRunner.java:364)
	at org.testng.SuiteRunnerWorker.runSuite(SuiteRunnerWorker.java:52)
	at org.testng.SuiteRunnerWorker.run(SuiteRunnerWorker.java:84)
	at org.testng.TestNG.runSuitesSequentially(TestNG.java:1208)
	at org.testng.TestNG.runSuitesLocally(TestNG.java:1137)
	at org.testng.TestNG.runSuites(TestNG.java:1049)
	at org.testng.TestNG.run(TestNG.java:1017)
	at org.apache.maven.surefire.testng.TestNGExecutor.run(TestNGExecutor.java:135)
	at org.apache.maven.surefire.testng.TestNGDirectoryTestSuite.executeMulti(TestNGDirectoryTestSuite.java:193)
	at org.apache.maven.surefire.testng.TestNGDirectoryTestSuite.execute(TestNGDirectoryTestSuite.java:94)
	at org.apache.maven.surefire.testng.TestNGProvider.invoke(TestNGProvider.java:146)
	at org.apache.maven.surefire.booter.ForkedBooter.invokeProviderInSameClassLoader(ForkedBooter.java:386)
	at org.apache.maven.surefire.booter.ForkedBooter.runSuitesInProcess(ForkedBooter.java:323)
	at org.apache.maven.surefire.booter.ForkedBooter.main(ForkedBooter.java:143)
</pre></div></td>
<td>0</td>
<td>com.vtiger.createProduct.CreateProductTest@132ddbab</td></tr>
<tr>
<td title='com.vtiger.documents.CreateDocumentsTest.documentsTest()'><b>documentsTest</b><br>Test class: com.vtiger.documents.CreateDocumentsTest</td>
<td><div><pre>org.testng.TestNGException: 
Parameter &apos;browser&apos; is required by BeforeClass on method beforClass but has not been marked @Optional or defined

... Removed 27 stack frames</pre></div><a href='#' onClick='toggleBox("stack-trace907721985", this, "Click to show all stack frames", "Click to hide stack frames")'>Click to show all stack frames</a>
<div class='stack-trace' id='stack-trace907721985'><pre>org.testng.TestNGException: 
Parameter &apos;browser&apos; is required by BeforeClass on method beforClass but has not been marked @Optional or defined

	at org.testng.internal.Parameters.createParams(Parameters.java:290)
	at org.testng.internal.Parameters.createParametersForMethod(Parameters.java:359)
	at org.testng.internal.Parameters.createParameters(Parameters.java:620)
	at org.testng.internal.Parameters.createConfigurationParameters(Parameters.java:190)
	at org.testng.internal.Invoker.invokeConfigurations(Invoker.java:209)
	at org.testng.internal.Invoker.invokeConfigurations(Invoker.java:142)
	at org.testng.internal.TestMethodWorker.invokeBeforeClassMethods(TestMethodWorker.java:168)
	at org.testng.internal.TestMethodWorker.run(TestMethodWorker.java:105)
	at org.testng.TestRunner.privateRun(TestRunner.java:648)
	at org.testng.TestRunner.run(TestRunner.java:505)
	at org.testng.SuiteRunner.runTest(SuiteRunner.java:455)
	at org.testng.SuiteRunner.runSequentially(SuiteRunner.java:450)
	at org.testng.SuiteRunner.privateRun(SuiteRunner.java:415)
	at org.testng.SuiteRunner.run(SuiteRunner.java:364)
	at org.testng.SuiteRunnerWorker.runSuite(SuiteRunnerWorker.java:52)
	at org.testng.SuiteRunnerWorker.run(SuiteRunnerWorker.java:84)
	at org.testng.TestNG.runSuitesSequentially(TestNG.java:1208)
	at org.testng.TestNG.runSuitesLocally(TestNG.java:1137)
	at org.testng.TestNG.runSuites(TestNG.java:1049)
	at org.testng.TestNG.run(TestNG.java:1017)
	at org.apache.maven.surefire.testng.TestNGExecutor.run(TestNGExecutor.java:135)
	at org.apache.maven.surefire.testng.TestNGDirectoryTestSuite.executeMulti(TestNGDirectoryTestSuite.java:193)
	at org.apache.maven.surefire.testng.TestNGDirectoryTestSuite.execute(TestNGDirectoryTestSuite.java:94)
	at org.apache.maven.surefire.testng.TestNGProvider.invoke(TestNGProvider.java:146)
	at org.apache.maven.surefire.booter.ForkedBooter.invokeProviderInSameClassLoader(ForkedBooter.java:386)
	at org.apache.maven.surefire.booter.ForkedBooter.runSuitesInProcess(ForkedBooter.java:323)
	at org.apache.maven.surefire.booter.ForkedBooter.main(ForkedBooter.java:143)
</pre></div></td>
<td>0</td>
<td>com.vtiger.documents.CreateDocumentsTest@297ea53a</td></tr>
</table><p>
</body>
</html>